<?xml version="1.0" encoding="UTF-8"?>
<!-- Generated by org.testng.reporters.JUnitReportReporter -->
<testsuite hostname="LAPTOP-3MCIK2FB" failures="0" tests="1000" name="testngflags.Flag5" time="2.543" errors="0" timestamp="2022-11-13T20:14:08 IST" skipped="0">
  <testcase classname="testngflags.Flag5" name="verifyloginButtonEnableDisableStatus" time="0.000"/>
  <system-out>
    <![CDATA[disabled !!]]>
  </system-out>
  <testcase classname="testngflags.Flag5" name="verifyloginButtonEnableDisableStatus" time="0.000"/>
  <system-out>
    <![CDATA[disabled !!]]>
  </system-out>
  <testcase classname="testngflags.Flag5" name="verifyloginButtonEnableDisableStatus" time="0.000"/>
  <system-out>
    <![CDATA[disabled !!]]>
  </system-out>
  <testcase classname="testngflags.Flag5" name="verifyloginButtonEnableDisableStatus" time="0.000"/>
  <system-out>
    <![CDATA[disabled !!]]>
  </system-out>
  <testcase classname="testngflags.Flag5" name="verifyloginButtonEnableDisableStatus" time="0.000"/>
  <system-out>
    <![CDATA[disabled !!]]>
  </system-out>
  <testcase classname="testngflags.Flag5" name="verifyloginButtonEnableDisableStatus" time="0.016"/>
  <system-out>
    <![CDATA[disabled !!]]>
  </system-out>
  <testcase classname="testngflags.Flag5" name="verifyloginButtonEnableDisableStatus" time="0.000"/>
  <system-out>
    <![CDATA[disabled !!]]>
  </system-out>
  <testcase classname="testngflags.Flag5" name="verifyloginButtonEnableDisableStatus" time="0.015"/>
  <system-out>
    <![CDATA[disabled !!]]>
  </system-out>
  <testcase classname="testngflags.Flag5" name="verifyloginButtonEnableDisableStatus" time="0.000"/>
  <system-out>
    <![CDATA[disabled !!]]>
  </system-out>
  <testcase classname="testngflags.Flag5" name="verifyloginButtonEnableDisableStatus" time="0.000"/>
  <system-out>
    <![CDATA[disabled !!]]>
  </system-out>
  <testcase classname="testngflags.Flag5" name="verifyloginButtonEnableDisableStatus" time="0.000"/>
  <system-out>
    <![CDATA[disabled !!]]>
  </system-out>
  <testcase classname="testngflags.Flag5" name="verifyloginButtonEnableDisableStatus" time="0.000"/>
  <system-out>
    <![CDATA[disabled !!]]>
  </system-out>
  <testcase classname="testngflags.Flag5" name="verifyloginButtonEnableDisableStatus" time="0.000"/>
  <system-out>
    <![CDATA[disabled !!]]>
  </system-out>
  <testcase classname="testngflags.Flag5" name="verifyloginButtonEnableDisableStatus" time="0.000"/>
  <system-out>
    <![CDATA[disabled !!]]>
  </system-out>
  <testcase classname="testngflags.Flag5" name="verifyloginButtonEnableDisableStatus" time="0.000"/>
  <system-out>
    <![CDATA[disabled !!]]>
  </system-out>
  <testcase classname="testngflags.Flag5" name="verifyloginButtonEnableDisableStatus" time="0.000"/>
  <system-out>
    <![CDATA[disabled !!]]>
  </system-out>
  <testcase classname="testngflags.Flag5" name="verifyloginButtonEnableDisableStatus" time="0.000"/>
  <system-out>
    <![CDATA[disabled !!]]>
  </system-out>
  <testcase classname="testngflags.Flag5" name="verifyloginButtonEnableDisableStatus" time="0.015"/>
  <system-out>
    <![CDATA[disabled !!]]>
  </system-out>
  <testcase classname="testngflags.Flag5" name="verifyloginButtonEnableDisableStatus" time="0.000"/>
  <system-out>
    <![CDATA[disabled !!]]>
  </system-out>
  <testcase classname="testngflags.Flag5" name="verifyloginButtonEnableDisableStatus" time="0.000"/>
  <system-out>
    <![CDATA[disabled !!]]>
  </system-out>
  <testcase classname="testngflags.Flag5" name="verifyloginButtonEnableDisableStatus" time="0.000"/>
  <system-out>
    <![CDATA[disabled !!]]>
  </system-out>
  <testcase classname="testngflags.Flag5" name="verifyloginButtonEnableDisableStatus" time="0.000"/>
  <system-out>
    <![CDATA[disabled !!]]>
  </system-out>
  <testcase classname="testngflags.Flag5" name="verifyloginButtonEnableDisableStatus" time="0.016"/>
  <system-out>
    <![CDATA[disabled !!]]>
  </system-out>
  <testcase classname="testngflags.Flag5" name="verifyloginButtonEnableDisableStatus" time="0.000"/>
  <system-out>
    <![CDATA[disabled !!]]>
  </system-out>
  <testcase classname="testngflags.Flag5" name="verifyloginButtonEnableDisableStatus" time="0.000"/>
  <system-out>
    <![CDATA[disabled !!]]>
  </system-out>
  <testcase classname="testngflags.Flag5" name="verifyloginButtonEnableDisableStatus" time="0.000"/>
  <system-out>
    <![CDATA[disabled !!]]>
  </system-out>
  <testcase classname="testngflags.Flag5" name="verifyloginButtonEnableDisableStatus" time="0.000"/>
  <system-out>
    <![CDATA[disabled !!]]>
  </system-out>
  <testcase classname="testngflags.Flag5" name="verifyloginButtonEnableDisableStatus" time="0.000"/>
  <system-out>
    <![CDATA[disabled !!]]>
  </system-out>
  <testcase classname="testngflags.Flag5" name="verifyloginButtonEnableDisableStatus" time="0.000"/>
  <system-out>
    <![CDATA[disabled !!]]>
  </system-out>
  <testcase classname="testngflags.Flag5" name="verifyloginButtonEnableDisableStatus" time="0.000"/>
  <system-out>
    <![CDATA[disabled !!]]>
  </system-out>
  <testcase classname="testngflags.Flag5" name="verifyloginButtonEnableDisableStatus" time="0.000"/>
  <system-out>
    <![CDATA[disabled !!]]>
  </system-out>
  <testcase classname="testngflags.Flag5" name="verifyloginButtonEnableDisableStatus" time="0.000"/>
  <system-out>
    <![CDATA[disabled !!]]>
  </system-out>
  <testcase classname="testngflags.Flag5" name="verifyloginButtonEnableDisableStatus" time="0.000"/>
  <system-out>
    <![CDATA[disabled !!]]>
  </system-out>
  <testcase classname="testngflags.Flag5" name="verifyloginButtonEnableDisableStatus" time="0.000"/>
  <system-out>
    <![CDATA[disabled !!]]>
  </system-out>
  <testcase classname="testngflags.Flag5" name="verifyloginButtonEnableDisableStatus" time="0.000"/>
  <system-out>
    <![CDATA[disabled !!]]>
  </system-out>
  <testcase classname="testngflags.Flag5" name="verifyloginButtonEnableDisableStatus" time="0.000"/>
  <system-out>
    <![CDATA[disabled !!]]>
  </system-out>
  <testcase classname="testngflags.Flag5" name="verifyloginButtonEnableDisableStatus" time="0.000"/>
  <system-out>
    <![CDATA[disabled !!]]>
  </system-out>
  <testcase classname="testngflags.Flag5" name="verifyloginButtonEnableDisableStatus" time="0.025"/>
  <system-out>
    <![CDATA[disabled !!]]>
  </system-out>
  <testcase classname="testngflags.Flag5" name="verifyloginButtonEnableDisableStatus" time="0.016"/>
  <system-out>
    <![CDATA[disabled !!]]>
  </system-out>
  <testcase classname="testngflags.Flag5" name="verifyloginButtonEnableDisableStatus" time="0.015"/>
  <system-out>
    <![CDATA[disabled !!]]>
  </system-out>
  <testcase classname="testngflags.Flag5" name="verifyloginButtonEnableDisableStatus" time="0.000"/>
  <system-out>
    <![CDATA[disabled !!]]>
  </system-out>
  <testcase classname="testngflags.Flag5" name="verifyloginButtonEnableDisableStatus" time="0.015"/>
  <system-out>
    <![CDATA[disabled !!]]>
  </system-out>
  <testcase classname="testngflags.Flag5" name="verifyloginButtonEnableDisableStatus" time="0.000"/>
  <system-out>
    <![CDATA[disabled !!]]>
  </system-out>
  <testcase classname="testngflags.Flag5" name="verifyloginButtonEnableDisableStatus" time="0.000"/>
  <system-out>
    <![CDATA[disabled !!]]>
  </system-out>
  <testcase classname="testngflags.Flag5" name="verifyloginButtonEnableDisableStatus" time="0.000"/>
  <system-out>
    <![CDATA[disabled !!]]>
  </system-out>
  <testcase classname="testngflags.Flag5" name="verifyloginButtonEnableDisableStatus" time="0.016"/>
  <system-out>
    <![CDATA[disabled !!]]>
  </system-out>
  <testcase classname="testngflags.Flag5" name="verifyloginButtonEnableDisableStatus" time="0.000"/>
  <system-out>
    <![CDATA[disabled !!]]>
  </system-out>
  <testcase classname="testngflags.Flag5" name="verifyloginButtonEnableDisableStatus" time="0.000"/>
  <system-out>
    <![CDATA[disabled !!]]>
  </system-out>
  <testcase classname="testngflags.Flag5" name="verifyloginButtonEnableDisableStatus" time="0.000"/>
  <system-out>
    <![CDATA[disabled !!]]>
  </system-out>
  <testcase classname="testngflags.Flag5" name="verifyloginButtonEnableDisableStatus" time="0.000"/>
  <system-out>
    <![CDATA[disabled !!]]>
  </system-out>
  <testcase classname="testngflags.Flag5" name="verifyloginButtonEnableDisableStatus" time="0.000"/>
  <system-out>
    <![CDATA[disabled !!]]>
  </system-out>
  <testcase classname="testngflags.Flag5" name="verifyloginButtonEnableDisableStatus" time="0.000"/>
  <system-out>
    <![CDATA[disabled !!]]>
  </system-out>
  <testcase classname="testngflags.Flag5" name="verifyloginButtonEnableDisableStatus" time="0.000"/>
  <system-out>
    <![CDATA[disabled !!]]>
  </system-out>
  <testcase classname="testngflags.Flag5" name="verifyloginButtonEnableDisableStatus" time="0.000"/>
  <system-out>
    <![CDATA[disabled !!]]>
  </system-out>
  <testcase classname="testngflags.Flag5" name="verifyloginButtonEnableDisableStatus" time="0.000"/>
  <system-out>
    <![CDATA[disabled !!]]>
  </system-out>
  <testcase classname="testngflags.Flag5" name="verifyloginButtonEnableDisableStatus" time="0.000"/>
  <system-out>
    <![CDATA[disabled !!]]>
  </system-out>
  <testcase classname="testngflags.Flag5" name="verifyloginButtonEnableDisableStatus" time="0.000"/>
  <system-out>
    <![CDATA[disabled !!]]>
  </system-out>
  <testcase classname="testngflags.Flag5" name="verifyloginButtonEnableDisableStatus" time="0.000"/>
  <system-out>
    <![CDATA[disabled !!]]>
  </system-out>
  <testcase classname="testngflags.Flag5" name="verifyloginButtonEnableDisableStatus" time="0.000"/>
  <system-out>
    <![CDATA[disabled !!]]>
  </system-out>
  <testcase classname="testngflags.Flag5" name="verifyloginButtonEnableDisableStatus" time="0.000"/>
  <system-out>
    <![CDATA[disabled !!]]>
  </system-out>
  <testcase classname="testngflags.Flag5" name="verifyloginButtonEnableDisableStatus" time="0.000"/>
  <system-out>
    <![CDATA[disabled !!]]>
  </system-out>
  <testcase classname="testngflags.Flag5" name="verifyloginButtonEnableDisableStatus" time="0.016"/>
  <system-out>
    <![CDATA[disabled !!]]>
  </system-out>
  <testcase classname="testngflags.Flag5" name="verifyloginButtonEnableDisableStatus" time="0.000"/>
  <system-out>
    <![CDATA[disabled !!]]>
  </system-out>
  <testcase classname="testngflags.Flag5" name="verifyloginButtonEnableDisableStatus" time="0.000"/>
  <system-out>
    <![CDATA[disabled !!]]>
  </system-out>
  <testcase classname="testngflags.Flag5" name="verifyloginButtonEnableDisableStatus" time="0.000"/>
  <system-out>
    <![CDATA[disabled !!]]>
  </system-out>
  <testcase classname="testngflags.Flag5" name="verifyloginButtonEnableDisableStatus" time="0.000"/>
  <system-out>
    <![CDATA[disabled !!]]>
  </system-out>
  <testcase classname="testngflags.Flag5" name="verifyloginButtonEnableDisableStatus" time="0.016"/>
  <system-out>
    <![CDATA[disabled !!]]>
  </system-out>
  <testcase classname="testngflags.Flag5" name="verifyloginButtonEnableDisableStatus" time="0.000"/>
  <system-out>
    <![CDATA[disabled !!]]>
  </system-out>
  <testcase classname="testngflags.Flag5" name="verifyloginButtonEnableDisableStatus" time="0.000"/>
  <system-out>
    <![CDATA[disabled !!]]>
  </system-out>
  <testcase classname="testngflags.Flag5" name="verifyloginButtonEnableDisableStatus" time="0.016"/>
  <system-out>
    <![CDATA[disabled !!]]>
  </system-out>
  <testcase classname="testngflags.Flag5" name="verifyloginButtonEnableDisableStatus" time="0.000"/>
  <system-out>
    <![CDATA[disabled !!]]>
  </system-out>
  <testcase classname="testngflags.Flag5" name="verifyloginButtonEnableDisableStatus" time="0.000"/>
  <system-out>
    <![CDATA[disabled !!]]>
  </system-out>
  <testcase classname="testngflags.Flag5" name="verifyloginButtonEnableDisableStatus" time="0.015"/>
  <system-out>
    <![CDATA[disabled !!]]>
  </system-out>
  <testcase classname="testngflags.Flag5" name="verifyloginButtonEnableDisableStatus" time="0.000"/>
  <system-out>
    <![CDATA[disabled !!]]>
  </system-out>
  <testcase classname="testngflags.Flag5" name="verifyloginButtonEnableDisableStatus" time="0.000"/>
  <system-out>
    <![CDATA[disabled !!]]>
  </system-out>
  <testcase classname="testngflags.Flag5" name="verifyloginButtonEnableDisableStatus" time="0.000"/>
  <system-out>
    <![CDATA[disabled !!]]>
  </system-out>
  <testcase classname="testngflags.Flag5" name="verifyloginButtonEnableDisableStatus" time="0.000"/>
  <system-out>
    <![CDATA[disabled !!]]>
  </system-out>
  <testcase classname="testngflags.Flag5" name="verifyloginButtonEnableDisableStatus" time="0.000"/>
  <system-out>
    <![CDATA[disabled !!]]>
  </system-out>
  <testcase classname="testngflags.Flag5" name="verifyloginButtonEnableDisableStatus" time="0.000"/>
  <system-out>
    <![CDATA[disabled !!]]>
  </system-out>
  <testcase classname="testngflags.Flag5" name="verifyloginButtonEnableDisableStatus" time="0.000"/>
  <system-out>
    <![CDATA[disabled !!]]>
  </system-out>
  <testcase classname="testngflags.Flag5" name="verifyloginButtonEnableDisableStatus" time="0.000"/>
  <system-out>
    <![CDATA[disabled !!]]>
  </system-out>
  <testcase classname="testngflags.Flag5" name="verifyloginButtonEnableDisableStatus" time="0.000"/>
  <system-out>
    <![CDATA[disabled !!]]>
  </system-out>
  <testcase classname="testngflags.Flag5" name="verifyloginButtonEnableDisableStatus" time="0.000"/>
  <system-out>
    <![CDATA[disabled !!]]>
  </system-out>
  <testcase classname="testngflags.Flag5" name="verifyloginButtonEnableDisableStatus" time="0.000"/>
  <system-out>
    <![CDATA[disabled !!]]>
  </system-out>
  <testcase classname="testngflags.Flag5" name="verifyloginButtonEnableDisableStatus" time="0.000"/>
  <system-out>
    <![CDATA[disabled !!]]>
  </system-out>
  <testcase classname="testngflags.Flag5" name="verifyloginButtonEnableDisableStatus" time="0.000"/>
  <system-out>
    <![CDATA[disabled !!]]>
  </system-out>
  <testcase classname="testngflags.Flag5" name="verifyloginButtonEnableDisableStatus" time="0.000"/>
  <system-out>
    <![CDATA[disabled !!]]>
  </system-out>
  <testcase classname="testngflags.Flag5" name="verifyloginButtonEnableDisableStatus" time="0.000"/>
  <system-out>
    <![CDATA[disabled !!]]>
  </system-out>
  <testcase classname="testngflags.Flag5" name="verifyloginButtonEnableDisableStatus" time="0.016"/>
  <system-out>
    <![CDATA[disabled !!]]>
  </system-out>
  <testcase classname="testngflags.Flag5" name="verifyloginButtonEnableDisableStatus" time="0.000"/>
  <system-out>
    <![CDATA[disabled !!]]>
  </system-out>
  <testcase classname="testngflags.Flag5" name="verifyloginButtonEnableDisableStatus" time="0.000"/>
  <system-out>
    <![CDATA[disabled !!]]>
  </system-out>
  <testcase classname="testngflags.Flag5" name="verifyloginButtonEnableDisableStatus" time="0.000"/>
  <system-out>
    <![CDATA[disabled !!]]>
  </system-out>
  <testcase classname="testngflags.Flag5" name="verifyloginButtonEnableDisableStatus" time="0.000"/>
  <system-out>
    <![CDATA[disabled !!]]>
  </system-out>
  <testcase classname="testngflags.Flag5" name="verifyloginButtonEnableDisableStatus" time="0.000"/>
  <system-out>
    <![CDATA[disabled !!]]>
  </system-out>
  <testcase classname="testngflags.Flag5" name="verifyloginButtonEnableDisableStatus" time="0.000"/>
  <system-out>
    <![CDATA[disabled !!]]>
  </system-out>
  <testcase classname="testngflags.Flag5" name="verifyloginButtonEnableDisableStatus" time="0.000"/>
  <system-out>
    <![CDATA[disabled !!]]>
  </system-out>
  <testcase classname="testngflags.Flag5" name="verifyloginButtonEnableDisableStatus" time="0.000"/>
  <system-out>
    <![CDATA[disabled !!]]>
  </system-out>
  <testcase classname="testngflags.Flag5" name="verifyloginButtonEnableDisableStatus" time="0.000"/>
  <system-out>
    <![CDATA[disabled !!]]>
  </system-out>
  <testcase classname="testngflags.Flag5" name="verifyloginButtonEnableDisableStatus" time="0.000"/>
  <system-out>
    <![CDATA[disabled !!]]>
  </system-out>
  <testcase classname="testngflags.Flag5" name="verifyloginButtonEnableDisableStatus" time="0.000"/>
  <system-out>
    <![CDATA[disabled !!]]>
  </system-out>
  <testcase classname="testngflags.Flag5" name="verifyloginButtonEnableDisableStatus" time="0.094"/>
  <system-out>
    <![CDATA[disabled !!]]>
  </system-out>
  <testcase classname="testngflags.Flag5" name="verifyloginButtonEnableDisableStatus" time="0.000"/>
  <system-out>
    <![CDATA[disabled !!]]>
  </system-out>
  <testcase classname="testngflags.Flag5" name="verifyloginButtonEnableDisableStatus" time="0.000"/>
  <system-out>
    <![CDATA[disabled !!]]>
  </system-out>
  <testcase classname="testngflags.Flag5" name="verifyloginButtonEnableDisableStatus" time="0.000"/>
  <system-out>
    <![CDATA[disabled !!]]>
  </system-out>
  <testcase classname="testngflags.Flag5" name="verifyloginButtonEnableDisableStatus" time="0.000"/>
  <system-out>
    <![CDATA[disabled !!]]>
  </system-out>
  <testcase classname="testngflags.Flag5" name="verifyloginButtonEnableDisableStatus" time="0.000"/>
  <system-out>
    <![CDATA[disabled !!]]>
  </system-out>
  <testcase classname="testngflags.Flag5" name="verifyloginButtonEnableDisableStatus" time="0.000"/>
  <system-out>
    <![CDATA[disabled !!]]>
  </system-out>
  <testcase classname="testngflags.Flag5" name="verifyloginButtonEnableDisableStatus" time="0.000"/>
  <system-out>
    <![CDATA[disabled !!]]>
  </system-out>
  <testcase classname="testngflags.Flag5" name="verifyloginButtonEnableDisableStatus" time="0.000"/>
  <system-out>
    <![CDATA[disabled !!]]>
  </system-out>
  <testcase classname="testngflags.Flag5" name="verifyloginButtonEnableDisableStatus" time="0.000"/>
  <system-out>
    <![CDATA[disabled !!]]>
  </system-out>
  <testcase classname="testngflags.Flag5" name="verifyloginButtonEnableDisableStatus" time="0.000"/>
  <system-out>
    <![CDATA[disabled !!]]>
  </system-out>
  <testcase classname="testngflags.Flag5" name="verifyloginButtonEnableDisableStatus" time="0.000"/>
  <system-out>
    <![CDATA[disabled !!]]>
  </system-out>
  <testcase classname="testngflags.Flag5" name="verifyloginButtonEnableDisableStatus" time="0.000"/>
  <system-out>
    <![CDATA[disabled !!]]>
  </system-out>
  <testcase classname="testngflags.Flag5" name="verifyloginButtonEnableDisableStatus" time="0.000"/>
  <system-out>
    <![CDATA[disabled !!]]>
  </system-out>
  <testcase classname="testngflags.Flag5" name="verifyloginButtonEnableDisableStatus" time="0.016"/>
  <system-out>
    <![CDATA[disabled !!]]>
  </system-out>
  <testcase classname="testngflags.Flag5" name="verifyloginButtonEnableDisableStatus" time="0.000"/>
  <system-out>
    <![CDATA[disabled !!]]>
  </system-out>
  <testcase classname="testngflags.Flag5" name="verifyloginButtonEnableDisableStatus" time="0.000"/>
  <system-out>
    <![CDATA[disabled !!]]>
  </system-out>
  <testcase classname="testngflags.Flag5" name="verifyloginButtonEnableDisableStatus" time="0.000"/>
  <system-out>
    <![CDATA[disabled !!]]>
  </system-out>
  <testcase classname="testngflags.Flag5" name="verifyloginButtonEnableDisableStatus" time="0.000"/>
  <system-out>
    <![CDATA[disabled !!]]>
  </system-out>
  <testcase classname="testngflags.Flag5" name="verifyloginButtonEnableDisableStatus" time="0.000"/>
  <system-out>
    <![CDATA[disabled !!]]>
  </system-out>
  <testcase classname="testngflags.Flag5" name="verifyloginButtonEnableDisableStatus" time="0.000"/>
  <system-out>
    <![CDATA[disabled !!]]>
  </system-out>
  <testcase classname="testngflags.Flag5" name="verifyloginButtonEnableDisableStatus" time="0.000"/>
  <system-out>
    <![CDATA[disabled !!]]>
  </system-out>
  <testcase classname="testngflags.Flag5" name="verifyloginButtonEnableDisableStatus" time="0.000"/>
  <system-out>
    <![CDATA[disabled !!]]>
  </system-out>
  <testcase classname="testngflags.Flag5" name="verifyloginButtonEnableDisableStatus" time="0.000"/>
  <system-out>
    <![CDATA[disabled !!]]>
  </system-out>
  <testcase classname="testngflags.Flag5" name="verifyloginButtonEnableDisableStatus" time="0.000"/>
  <system-out>
    <![CDATA[disabled !!]]>
  </system-out>
  <testcase classname="testngflags.Flag5" name="verifyloginButtonEnableDisableStatus" time="0.000"/>
  <system-out>
    <![CDATA[disabled !!]]>
  </system-out>
  <testcase classname="testngflags.Flag5" name="verifyloginButtonEnableDisableStatus" time="0.000"/>
  <system-out>
    <![CDATA[disabled !!]]>
  </system-out>
  <testcase classname="testngflags.Flag5" name="verifyloginButtonEnableDisableStatus" time="0.000"/>
  <system-out>
    <![CDATA[disabled !!]]>
  </system-out>
  <testcase classname="testngflags.Flag5" name="verifyloginButtonEnableDisableStatus" time="0.000"/>
  <system-out>
    <![CDATA[disabled !!]]>
  </system-out>
  <testcase classname="testngflags.Flag5" name="verifyloginButtonEnableDisableStatus" time="0.000"/>
  <system-out>
    <![CDATA[disabled !!]]>
  </system-out>
  <testcase classname="testngflags.Flag5" name="verifyloginButtonEnableDisableStatus" time="0.000"/>
  <system-out>
    <![CDATA[disabled !!]]>
  </system-out>
  <testcase classname="testngflags.Flag5" name="verifyloginButtonEnableDisableStatus" time="0.000"/>
  <system-out>
    <![CDATA[disabled !!]]>
  </system-out>
  <testcase classname="testngflags.Flag5" name="verifyloginButtonEnableDisableStatus" time="0.000"/>
  <system-out>
    <![CDATA[disabled !!]]>
  </system-out>
  <testcase classname="testngflags.Flag5" name="verifyloginButtonEnableDisableStatus" time="0.000"/>
  <system-out>
    <![CDATA[disabled !!]]>
  </system-out>
  <testcase classname="testngflags.Flag5" name="verifyloginButtonEnableDisableStatus" time="0.000"/>
  <system-out>
    <![CDATA[disabled !!]]>
  </system-out>
  <testcase classname="testngflags.Flag5" name="verifyloginButtonEnableDisableStatus" time="0.000"/>
  <system-out>
    <![CDATA[disabled !!]]>
  </system-out>
  <testcase classname="testngflags.Flag5" name="verifyloginButtonEnableDisableStatus" time="0.000"/>
  <system-out>
    <![CDATA[disabled !!]]>
  </system-out>
  <testcase classname="testngflags.Flag5" name="verifyloginButtonEnableDisableStatus" time="0.000"/>
  <system-out>
    <![CDATA[disabled !!]]>
  </system-out>
  <testcase classname="testngflags.Flag5" name="verifyloginButtonEnableDisableStatus" time="0.000"/>
  <system-out>
    <![CDATA[disabled !!]]>
  </system-out>
  <testcase classname="testngflags.Flag5" name="verifyloginButtonEnableDisableStatus" time="0.000"/>
  <system-out>
    <![CDATA[disabled !!]]>
  </system-out>
  <testcase classname="testngflags.Flag5" name="verifyloginButtonEnableDisableStatus" time="0.000"/>
  <system-out>
    <![CDATA[disabled !!]]>
  </system-out>
  <testcase classname="testngflags.Flag5" name="verifyloginButtonEnableDisableStatus" time="0.000"/>
  <system-out>
    <![CDATA[disabled !!]]>
  </system-out>
  <testcase classname="testngflags.Flag5" name="verifyloginButtonEnableDisableStatus" time="0.000"/>
  <system-out>
    <![CDATA[disabled !!]]>
  </system-out>
  <testcase classname="testngflags.Flag5" name="verifyloginButtonEnableDisableStatus" time="0.000"/>
  <system-out>
    <![CDATA[disabled !!]]>
  </system-out>
  <testcase classname="testngflags.Flag5" name="verifyloginButtonEnableDisableStatus" time="0.000"/>
  <system-out>
    <![CDATA[disabled !!]]>
  </system-out>
  <testcase classname="testngflags.Flag5" name="verifyloginButtonEnableDisableStatus" time="0.000"/>
  <system-out>
    <![CDATA[disabled !!]]>
  </system-out>
  <testcase classname="testngflags.Flag5" name="verifyloginButtonEnableDisableStatus" time="0.000"/>
  <system-out>
    <![CDATA[disabled !!]]>
  </system-out>
  <testcase classname="testngflags.Flag5" name="verifyloginButtonEnableDisableStatus" time="0.000"/>
  <system-out>
    <![CDATA[disabled !!]]>
  </system-out>
  <testcase classname="testngflags.Flag5" name="verifyloginButtonEnableDisableStatus" time="0.000"/>
  <system-out>
    <![CDATA[disabled !!]]>
  </system-out>
  <testcase classname="testngflags.Flag5" name="verifyloginButtonEnableDisableStatus" time="0.016"/>
  <system-out>
    <![CDATA[disabled !!]]>
  </system-out>
  <testcase classname="testngflags.Flag5" name="verifyloginButtonEnableDisableStatus" time="0.000"/>
  <system-out>
    <![CDATA[disabled !!]]>
  </system-out>
  <testcase classname="testngflags.Flag5" name="verifyloginButtonEnableDisableStatus" time="0.000"/>
  <system-out>
    <![CDATA[disabled !!]]>
  </system-out>
  <testcase classname="testngflags.Flag5" name="verifyloginButtonEnableDisableStatus" time="0.000"/>
  <system-out>
    <![CDATA[disabled !!]]>
  </system-out>
  <testcase classname="testngflags.Flag5" name="verifyloginButtonEnableDisableStatus" time="0.000"/>
  <system-out>
    <![CDATA[disabled !!]]>
  </system-out>
  <testcase classname="testngflags.Flag5" name="verifyloginButtonEnableDisableStatus" time="0.016"/>
  <system-out>
    <![CDATA[disabled !!]]>
  </system-out>
  <testcase classname="testngflags.Flag5" name="verifyloginButtonEnableDisableStatus" time="0.000"/>
  <system-out>
    <![CDATA[disabled !!]]>
  </system-out>
  <testcase classname="testngflags.Flag5" name="verifyloginButtonEnableDisableStatus" time="0.000"/>
  <system-out>
    <![CDATA[disabled !!]]>
  </system-out>
  <testcase classname="testngflags.Flag5" name="verifyloginButtonEnableDisableStatus" time="0.000"/>
  <system-out>
    <![CDATA[disabled !!]]>
  </system-out>
  <testcase classname="testngflags.Flag5" name="verifyloginButtonEnableDisableStatus" time="0.000"/>
  <system-out>
    <![CDATA[disabled !!]]>
  </system-out>
  <testcase classname="testngflags.Flag5" name="verifyloginButtonEnableDisableStatus" time="0.000"/>
  <system-out>
    <![CDATA[disabled !!]]>
  </system-out>
  <testcase classname="testngflags.Flag5" name="verifyloginButtonEnableDisableStatus" time="0.000"/>
  <system-out>
    <![CDATA[disabled !!]]>
  </system-out>
  <testcase classname="testngflags.Flag5" name="verifyloginButtonEnableDisableStatus" time="0.000"/>
  <system-out>
    <![CDATA[disabled !!]]>
  </system-out>
  <testcase classname="testngflags.Flag5" name="verifyloginButtonEnableDisableStatus" time="0.000"/>
  <system-out>
    <![CDATA[disabled !!]]>
  </system-out>
  <testcase classname="testngflags.Flag5" name="verifyloginButtonEnableDisableStatus" time="0.016"/>
  <system-out>
    <![CDATA[disabled !!]]>
  </system-out>
  <testcase classname="testngflags.Flag5" name="verifyloginButtonEnableDisableStatus" time="0.000"/>
  <system-out>
    <![CDATA[disabled !!]]>
  </system-out>
  <testcase classname="testngflags.Flag5" name="verifyloginButtonEnableDisableStatus" time="0.000"/>
  <system-out>
    <![CDATA[disabled !!]]>
  </system-out>
  <testcase classname="testngflags.Flag5" name="verifyloginButtonEnableDisableStatus" time="0.000"/>
  <system-out>
    <![CDATA[disabled !!]]>
  </system-out>
  <testcase classname="testngflags.Flag5" name="verifyloginButtonEnableDisableStatus" time="0.000"/>
  <system-out>
    <![CDATA[disabled !!]]>
  </system-out>
  <testcase classname="testngflags.Flag5" name="verifyloginButtonEnableDisableStatus" time="0.000"/>
  <system-out>
    <![CDATA[disabled !!]]>
  </system-out>
  <testcase classname="testngflags.Flag5" name="verifyloginButtonEnableDisableStatus" time="0.000"/>
  <system-out>
    <![CDATA[disabled !!]]>
  </system-out>
  <testcase classname="testngflags.Flag5" name="verifyloginButtonEnableDisableStatus" time="0.000"/>
  <system-out>
    <![CDATA[disabled !!]]>
  </system-out>
  <testcase classname="testngflags.Flag5" name="verifyloginButtonEnableDisableStatus" time="0.015"/>
  <system-out>
    <![CDATA[disabled !!]]>
  </system-out>
  <testcase classname="testngflags.Flag5" name="verifyloginButtonEnableDisableStatus" time="0.000"/>
  <system-out>
    <![CDATA[disabled !!]]>
  </system-out>
  <testcase classname="testngflags.Flag5" name="verifyloginButtonEnableDisableStatus" time="0.000"/>
  <system-out>
    <![CDATA[disabled !!]]>
  </system-out>
  <testcase classname="testngflags.Flag5" name="verifyloginButtonEnableDisableStatus" time="0.000"/>
  <system-out>
    <![CDATA[disabled !!]]>
  </system-out>
  <testcase classname="testngflags.Flag5" name="verifyloginButtonEnableDisableStatus" time="0.000"/>
  <system-out>
    <![CDATA[disabled !!]]>
  </system-out>
  <testcase classname="testngflags.Flag5" name="verifyloginButtonEnableDisableStatus" time="0.016"/>
  <system-out>
    <![CDATA[disabled !!]]>
  </system-out>
  <testcase classname="testngflags.Flag5" name="verifyloginButtonEnableDisableStatus" time="0.000"/>
  <system-out>
    <![CDATA[disabled !!]]>
  </system-out>
  <testcase classname="testngflags.Flag5" name="verifyloginButtonEnableDisableStatus" time="0.000"/>
  <system-out>
    <![CDATA[disabled !!]]>
  </system-out>
  <testcase classname="testngflags.Flag5" name="verifyloginButtonEnableDisableStatus" time="0.000"/>
  <system-out>
    <![CDATA[disabled !!]]>
  </system-out>
  <testcase classname="testngflags.Flag5" name="verifyloginButtonEnableDisableStatus" time="0.000"/>
  <system-out>
    <![CDATA[disabled !!]]>
  </system-out>
  <testcase classname="testngflags.Flag5" name="verifyloginButtonEnableDisableStatus" time="0.000"/>
  <system-out>
    <![CDATA[disabled !!]]>
  </system-out>
  <testcase classname="testngflags.Flag5" name="verifyloginButtonEnableDisableStatus" time="0.000"/>
  <system-out>
    <![CDATA[disabled !!]]>
  </system-out>
  <testcase classname="testngflags.Flag5" name="verifyloginButtonEnableDisableStatus" time="0.000"/>
  <system-out>
    <![CDATA[disabled !!]]>
  </system-out>
  <testcase classname="testngflags.Flag5" name="verifyloginButtonEnableDisableStatus" time="0.000"/>
  <system-out>
    <![CDATA[disabled !!]]>
  </system-out>
  <testcase classname="testngflags.Flag5" name="verifyloginButtonEnableDisableStatus" time="0.000"/>
  <system-out>
    <![CDATA[disabled !!]]>
  </system-out>
  <testcase classname="testngflags.Flag5" name="verifyloginButtonEnableDisableStatus" time="0.000"/>
  <system-out>
    <![CDATA[disabled !!]]>
  </system-out>
  <testcase classname="testngflags.Flag5" name="verifyloginButtonEnableDisableStatus" time="0.000"/>
  <system-out>
    <![CDATA[disabled !!]]>
  </system-out>
  <testcase classname="testngflags.Flag5" name="verifyloginButtonEnableDisableStatus" time="0.000"/>
  <system-out>
    <![CDATA[disabled !!]]>
  </system-out>
  <testcase classname="testngflags.Flag5" name="verifyloginButtonEnableDisableStatus" time="0.016"/>
  <system-out>
    <![CDATA[disabled !!]]>
  </system-out>
  <testcase classname="testngflags.Flag5" name="verifyloginButtonEnableDisableStatus" time="0.000"/>
  <system-out>
    <![CDATA[disabled !!]]>
  </system-out>
  <testcase classname="testngflags.Flag5" name="verifyloginButtonEnableDisableStatus" time="0.000"/>
  <system-out>
    <![CDATA[disabled !!]]>
  </system-out>
  <testcase classname="testngflags.Flag5" name="verifyloginButtonEnableDisableStatus" time="0.000"/>
  <system-out>
    <![CDATA[disabled !!]]>
  </system-out>
  <testcase classname="testngflags.Flag5" name="verifyloginButtonEnableDisableStatus" time="0.000"/>
  <system-out>
    <![CDATA[disabled !!]]>
  </system-out>
  <testcase classname="testngflags.Flag5" name="verifyloginButtonEnableDisableStatus" time="0.000"/>
  <system-out>
    <![CDATA[disabled !!]]>
  </system-out>
  <testcase classname="testngflags.Flag5" name="verifyloginButtonEnableDisableStatus" time="0.000"/>
  <system-out>
    <![CDATA[disabled !!]]>
  </system-out>
  <testcase classname="testngflags.Flag5" name="verifyloginButtonEnableDisableStatus" time="0.000"/>
  <system-out>
    <![CDATA[disabled !!]]>
  </system-out>
  <testcase classname="testngflags.Flag5" name="verifyloginButtonEnableDisableStatus" time="0.000"/>
  <system-out>
    <![CDATA[disabled !!]]>
  </system-out>
  <testcase classname="testngflags.Flag5" name="verifyloginButtonEnableDisableStatus" time="0.000"/>
  <system-out>
    <![CDATA[disabled !!]]>
  </system-out>
  <testcase classname="testngflags.Flag5" name="verifyloginButtonEnableDisableStatus" time="0.015"/>
  <system-out>
    <![CDATA[disabled !!]]>
  </system-out>
  <testcase classname="testngflags.Flag5" name="verifyloginButtonEnableDisableStatus" time="0.000"/>
  <system-out>
    <![CDATA[disabled !!]]>
  </system-out>
  <testcase classname="testngflags.Flag5" name="verifyloginButtonEnableDisableStatus" time="0.000"/>
  <system-out>
    <![CDATA[disabled !!]]>
  </system-out>
  <testcase classname="testngflags.Flag5" name="verifyloginButtonEnableDisableStatus" time="0.000"/>
  <system-out>
    <![CDATA[disabled !!]]>
  </system-out>
  <testcase classname="testngflags.Flag5" name="verifyloginButtonEnableDisableStatus" time="0.015"/>
  <system-out>
    <![CDATA[disabled !!]]>
  </system-out>
  <testcase classname="testngflags.Flag5" name="verifyloginButtonEnableDisableStatus" time="0.000"/>
  <system-out>
    <![CDATA[disabled !!]]>
  </system-out>
  <testcase classname="testngflags.Flag5" name="verifyloginButtonEnableDisableStatus" time="0.000"/>
  <system-out>
    <![CDATA[disabled !!]]>
  </system-out>
  <testcase classname="testngflags.Flag5" name="verifyloginButtonEnableDisableStatus" time="0.016"/>
  <system-out>
    <![CDATA[disabled !!]]>
  </system-out>
  <testcase classname="testngflags.Flag5" name="verifyloginButtonEnableDisableStatus" time="0.000"/>
  <system-out>
    <![CDATA[disabled !!]]>
  </system-out>
  <testcase classname="testngflags.Flag5" name="verifyloginButtonEnableDisableStatus" time="0.000"/>
  <system-out>
    <![CDATA[disabled !!]]>
  </system-out>
  <testcase classname="testngflags.Flag5" name="verifyloginButtonEnableDisableStatus" time="0.000"/>
  <system-out>
    <![CDATA[disabled !!]]>
  </system-out>
  <testcase classname="testngflags.Flag5" name="verifyloginButtonEnableDisableStatus" time="0.000"/>
  <system-out>
    <![CDATA[disabled !!]]>
  </system-out>
  <testcase classname="testngflags.Flag5" name="verifyloginButtonEnableDisableStatus" time="0.000"/>
  <system-out>
    <![CDATA[disabled !!]]>
  </system-out>
  <testcase classname="testngflags.Flag5" name="verifyloginButtonEnableDisableStatus" time="0.000"/>
  <system-out>
    <![CDATA[disabled !!]]>
  </system-out>
  <testcase classname="testngflags.Flag5" name="verifyloginButtonEnableDisableStatus" time="0.000"/>
  <system-out>
    <![CDATA[disabled !!]]>
  </system-out>
  <testcase classname="testngflags.Flag5" name="verifyloginButtonEnableDisableStatus" time="0.000"/>
  <system-out>
    <![CDATA[disabled !!]]>
  </system-out>
  <testcase classname="testngflags.Flag5" name="verifyloginButtonEnableDisableStatus" time="0.000"/>
  <system-out>
    <![CDATA[disabled !!]]>
  </system-out>
  <testcase classname="testngflags.Flag5" name="verifyloginButtonEnableDisableStatus" time="0.000"/>
  <system-out>
    <![CDATA[disabled !!]]>
  </system-out>
  <testcase classname="testngflags.Flag5" name="verifyloginButtonEnableDisableStatus" time="0.000"/>
  <system-out>
    <![CDATA[disabled !!]]>
  </system-out>
  <testcase classname="testngflags.Flag5" name="verifyloginButtonEnableDisableStatus" time="0.000"/>
  <system-out>
    <![CDATA[disabled !!]]>
  </system-out>
  <testcase classname="testngflags.Flag5" name="verifyloginButtonEnableDisableStatus" time="0.000"/>
  <system-out>
    <![CDATA[disabled !!]]>
  </system-out>
  <testcase classname="testngflags.Flag5" name="verifyloginButtonEnableDisableStatus" time="0.000"/>
  <system-out>
    <![CDATA[disabled !!]]>
  </system-out>
  <testcase classname="testngflags.Flag5" name="verifyloginButtonEnableDisableStatus" time="0.000"/>
  <system-out>
    <![CDATA[disabled !!]]>
  </system-out>
  <testcase classname="testngflags.Flag5" name="verifyloginButtonEnableDisableStatus" time="0.000"/>
  <system-out>
    <![CDATA[disabled !!]]>
  </system-out>
  <testcase classname="testngflags.Flag5" name="verifyloginButtonEnableDisableStatus" time="0.000"/>
  <system-out>
    <![CDATA[disabled !!]]>
  </system-out>
  <testcase classname="testngflags.Flag5" name="verifyloginButtonEnableDisableStatus" time="0.000"/>
  <system-out>
    <![CDATA[disabled !!]]>
  </system-out>
  <testcase classname="testngflags.Flag5" name="verifyloginButtonEnableDisableStatus" time="0.000"/>
  <system-out>
    <![CDATA[disabled !!]]>
  </system-out>
  <testcase classname="testngflags.Flag5" name="verifyloginButtonEnableDisableStatus" time="0.000"/>
  <system-out>
    <![CDATA[disabled !!]]>
  </system-out>
  <testcase classname="testngflags.Flag5" name="verifyloginButtonEnableDisableStatus" time="0.000"/>
  <system-out>
    <![CDATA[disabled !!]]>
  </system-out>
  <testcase classname="testngflags.Flag5" name="verifyloginButtonEnableDisableStatus" time="0.015"/>
  <system-out>
    <![CDATA[disabled !!]]>
  </system-out>
  <testcase classname="testngflags.Flag5" name="verifyloginButtonEnableDisableStatus" time="0.000"/>
  <system-out>
    <![CDATA[disabled !!]]>
  </system-out>
  <testcase classname="testngflags.Flag5" name="verifyloginButtonEnableDisableStatus" time="0.000"/>
  <system-out>
    <![CDATA[disabled !!]]>
  </system-out>
  <testcase classname="testngflags.Flag5" name="verifyloginButtonEnableDisableStatus" time="0.000"/>
  <system-out>
    <![CDATA[disabled !!]]>
  </system-out>
  <testcase classname="testngflags.Flag5" name="verifyloginButtonEnableDisableStatus" time="0.000"/>
  <system-out>
    <![CDATA[disabled !!]]>
  </system-out>
  <testcase classname="testngflags.Flag5" name="verifyloginButtonEnableDisableStatus" time="0.000"/>
  <system-out>
    <![CDATA[disabled !!]]>
  </system-out>
  <testcase classname="testngflags.Flag5" name="verifyloginButtonEnableDisableStatus" time="0.000"/>
  <system-out>
    <![CDATA[disabled !!]]>
  </system-out>
  <testcase classname="testngflags.Flag5" name="verifyloginButtonEnableDisableStatus" time="0.000"/>
  <system-out>
    <![CDATA[disabled !!]]>
  </system-out>
  <testcase classname="testngflags.Flag5" name="verifyloginButtonEnableDisableStatus" time="0.000"/>
  <system-out>
    <![CDATA[disabled !!]]>
  </system-out>
  <testcase classname="testngflags.Flag5" name="verifyloginButtonEnableDisableStatus" time="0.047"/>
  <system-out>
    <![CDATA[disabled !!]]>
  </system-out>
  <testcase classname="testngflags.Flag5" name="verifyloginButtonEnableDisableStatus" time="0.000"/>
  <system-out>
    <![CDATA[disabled !!]]>
  </system-out>
  <testcase classname="testngflags.Flag5" name="verifyloginButtonEnableDisableStatus" time="0.000"/>
  <system-out>
    <![CDATA[disabled !!]]>
  </system-out>
  <testcase classname="testngflags.Flag5" name="verifyloginButtonEnableDisableStatus" time="0.000"/>
  <system-out>
    <![CDATA[disabled !!]]>
  </system-out>
  <testcase classname="testngflags.Flag5" name="verifyloginButtonEnableDisableStatus" time="0.000"/>
  <system-out>
    <![CDATA[disabled !!]]>
  </system-out>
  <testcase classname="testngflags.Flag5" name="verifyloginButtonEnableDisableStatus" time="0.000"/>
  <system-out>
    <![CDATA[disabled !!]]>
  </system-out>
  <testcase classname="testngflags.Flag5" name="verifyloginButtonEnableDisableStatus" time="0.000"/>
  <system-out>
    <![CDATA[disabled !!]]>
  </system-out>
  <testcase classname="testngflags.Flag5" name="verifyloginButtonEnableDisableStatus" time="0.000"/>
  <system-out>
    <![CDATA[disabled !!]]>
  </system-out>
  <testcase classname="testngflags.Flag5" name="verifyloginButtonEnableDisableStatus" time="0.000"/>
  <system-out>
    <![CDATA[disabled !!]]>
  </system-out>
  <testcase classname="testngflags.Flag5" name="verifyloginButtonEnableDisableStatus" time="0.000"/>
  <system-out>
    <![CDATA[disabled !!]]>
  </system-out>
  <testcase classname="testngflags.Flag5" name="verifyloginButtonEnableDisableStatus" time="0.000"/>
  <system-out>
    <![CDATA[disabled !!]]>
  </system-out>
  <testcase classname="testngflags.Flag5" name="verifyloginButtonEnableDisableStatus" time="0.000"/>
  <system-out>
    <![CDATA[disabled !!]]>
  </system-out>
  <testcase classname="testngflags.Flag5" name="verifyloginButtonEnableDisableStatus" time="0.000"/>
  <system-out>
    <![CDATA[disabled !!]]>
  </system-out>
  <testcase classname="testngflags.Flag5" name="verifyloginButtonEnableDisableStatus" time="0.000"/>
  <system-out>
    <![CDATA[disabled !!]]>
  </system-out>
  <testcase classname="testngflags.Flag5" name="verifyloginButtonEnableDisableStatus" time="0.000"/>
  <system-out>
    <![CDATA[disabled !!]]>
  </system-out>
  <testcase classname="testngflags.Flag5" name="verifyloginButtonEnableDisableStatus" time="0.015"/>
  <system-out>
    <![CDATA[disabled !!]]>
  </system-out>
  <testcase classname="testngflags.Flag5" name="verifyloginButtonEnableDisableStatus" time="0.000"/>
  <system-out>
    <![CDATA[disabled !!]]>
  </system-out>
  <testcase classname="testngflags.Flag5" name="verifyloginButtonEnableDisableStatus" time="0.000"/>
  <system-out>
    <![CDATA[disabled !!]]>
  </system-out>
  <testcase classname="testngflags.Flag5" name="verifyloginButtonEnableDisableStatus" time="0.016"/>
  <system-out>
    <![CDATA[disabled !!]]>
  </system-out>
  <testcase classname="testngflags.Flag5" name="verifyloginButtonEnableDisableStatus" time="0.000"/>
  <system-out>
    <![CDATA[disabled !!]]>
  </system-out>
  <testcase classname="testngflags.Flag5" name="verifyloginButtonEnableDisableStatus" time="0.016"/>
  <system-out>
    <![CDATA[disabled !!]]>
  </system-out>
  <testcase classname="testngflags.Flag5" name="verifyloginButtonEnableDisableStatus" time="0.000"/>
  <system-out>
    <![CDATA[disabled !!]]>
  </system-out>
  <testcase classname="testngflags.Flag5" name="verifyloginButtonEnableDisableStatus" time="0.000"/>
  <system-out>
    <![CDATA[disabled !!]]>
  </system-out>
  <testcase classname="testngflags.Flag5" name="verifyloginButtonEnableDisableStatus" time="0.000"/>
  <system-out>
    <![CDATA[disabled !!]]>
  </system-out>
  <testcase classname="testngflags.Flag5" name="verifyloginButtonEnableDisableStatus" time="0.016"/>
  <system-out>
    <![CDATA[disabled !!]]>
  </system-out>
  <testcase classname="testngflags.Flag5" name="verifyloginButtonEnableDisableStatus" time="0.000"/>
  <system-out>
    <![CDATA[disabled !!]]>
  </system-out>
  <testcase classname="testngflags.Flag5" name="verifyloginButtonEnableDisableStatus" time="0.000"/>
  <system-out>
    <![CDATA[disabled !!]]>
  </system-out>
  <testcase classname="testngflags.Flag5" name="verifyloginButtonEnableDisableStatus" time="0.000"/>
  <system-out>
    <![CDATA[disabled !!]]>
  </system-out>
  <testcase classname="testngflags.Flag5" name="verifyloginButtonEnableDisableStatus" time="0.000"/>
  <system-out>
    <![CDATA[disabled !!]]>
  </system-out>
  <testcase classname="testngflags.Flag5" name="verifyloginButtonEnableDisableStatus" time="0.000"/>
  <system-out>
    <![CDATA[disabled !!]]>
  </system-out>
  <testcase classname="testngflags.Flag5" name="verifyloginButtonEnableDisableStatus" time="0.000"/>
  <system-out>
    <![CDATA[disabled !!]]>
  </system-out>
  <testcase classname="testngflags.Flag5" name="verifyloginButtonEnableDisableStatus" time="0.000"/>
  <system-out>
    <![CDATA[disabled !!]]>
  </system-out>
  <testcase classname="testngflags.Flag5" name="verifyloginButtonEnableDisableStatus" time="0.016"/>
  <system-out>
    <![CDATA[disabled !!]]>
  </system-out>
  <testcase classname="testngflags.Flag5" name="verifyloginButtonEnableDisableStatus" time="0.000"/>
  <system-out>
    <![CDATA[disabled !!]]>
  </system-out>
  <testcase classname="testngflags.Flag5" name="verifyloginButtonEnableDisableStatus" time="0.000"/>
  <system-out>
    <![CDATA[disabled !!]]>
  </system-out>
  <testcase classname="testngflags.Flag5" name="verifyloginButtonEnableDisableStatus" time="0.000"/>
  <system-out>
    <![CDATA[disabled !!]]>
  </system-out>
  <testcase classname="testngflags.Flag5" name="verifyloginButtonEnableDisableStatus" time="0.000"/>
  <system-out>
    <![CDATA[disabled !!]]>
  </system-out>
  <testcase classname="testngflags.Flag5" name="verifyloginButtonEnableDisableStatus" time="0.000"/>
  <system-out>
    <![CDATA[disabled !!]]>
  </system-out>
  <testcase classname="testngflags.Flag5" name="verifyloginButtonEnableDisableStatus" time="0.000"/>
  <system-out>
    <![CDATA[disabled !!]]>
  </system-out>
  <testcase classname="testngflags.Flag5" name="verifyloginButtonEnableDisableStatus" time="0.000"/>
  <system-out>
    <![CDATA[disabled !!]]>
  </system-out>
  <testcase classname="testngflags.Flag5" name="verifyloginButtonEnableDisableStatus" time="0.000"/>
  <system-out>
    <![CDATA[disabled !!]]>
  </system-out>
  <testcase classname="testngflags.Flag5" name="verifyloginButtonEnableDisableStatus" time="0.000"/>
  <system-out>
    <![CDATA[disabled !!]]>
  </system-out>
  <testcase classname="testngflags.Flag5" name="verifyloginButtonEnableDisableStatus" time="0.000"/>
  <system-out>
    <![CDATA[disabled !!]]>
  </system-out>
  <testcase classname="testngflags.Flag5" name="verifyloginButtonEnableDisableStatus" time="0.000"/>
  <system-out>
    <![CDATA[disabled !!]]>
  </system-out>
  <testcase classname="testngflags.Flag5" name="verifyloginButtonEnableDisableStatus" time="0.000"/>
  <system-out>
    <![CDATA[disabled !!]]>
  </system-out>
  <testcase classname="testngflags.Flag5" name="verifyloginButtonEnableDisableStatus" time="0.007"/>
  <system-out>
    <![CDATA[disabled !!]]>
  </system-out>
  <testcase classname="testngflags.Flag5" name="verifyloginButtonEnableDisableStatus" time="0.000"/>
  <system-out>
    <![CDATA[disabled !!]]>
  </system-out>
  <testcase classname="testngflags.Flag5" name="verifyloginButtonEnableDisableStatus" time="0.000"/>
  <system-out>
    <![CDATA[disabled !!]]>
  </system-out>
  <testcase classname="testngflags.Flag5" name="verifyloginButtonEnableDisableStatus" time="0.000"/>
  <system-out>
    <![CDATA[disabled !!]]>
  </system-out>
  <testcase classname="testngflags.Flag5" name="verifyloginButtonEnableDisableStatus" time="0.015"/>
  <system-out>
    <![CDATA[disabled !!]]>
  </system-out>
  <testcase classname="testngflags.Flag5" name="verifyloginButtonEnableDisableStatus" time="0.000"/>
  <system-out>
    <![CDATA[disabled !!]]>
  </system-out>
  <testcase classname="testngflags.Flag5" name="verifyloginButtonEnableDisableStatus" time="0.000"/>
  <system-out>
    <![CDATA[disabled !!]]>
  </system-out>
  <testcase classname="testngflags.Flag5" name="verifyloginButtonEnableDisableStatus" time="0.000"/>
  <system-out>
    <![CDATA[disabled !!]]>
  </system-out>
  <testcase classname="testngflags.Flag5" name="verifyloginButtonEnableDisableStatus" time="0.000"/>
  <system-out>
    <![CDATA[disabled !!]]>
  </system-out>
  <testcase classname="testngflags.Flag5" name="verifyloginButtonEnableDisableStatus" time="0.000"/>
  <system-out>
    <![CDATA[disabled !!]]>
  </system-out>
  <testcase classname="testngflags.Flag5" name="verifyloginButtonEnableDisableStatus" time="0.000"/>
  <system-out>
    <![CDATA[disabled !!]]>
  </system-out>
  <testcase classname="testngflags.Flag5" name="verifyloginButtonEnableDisableStatus" time="0.000"/>
  <system-out>
    <![CDATA[disabled !!]]>
  </system-out>
  <testcase classname="testngflags.Flag5" name="verifyloginButtonEnableDisableStatus" time="0.000"/>
  <system-out>
    <![CDATA[disabled !!]]>
  </system-out>
  <testcase classname="testngflags.Flag5" name="verifyloginButtonEnableDisableStatus" time="0.000"/>
  <system-out>
    <![CDATA[disabled !!]]>
  </system-out>
  <testcase classname="testngflags.Flag5" name="verifyloginButtonEnableDisableStatus" time="0.000"/>
  <system-out>
    <![CDATA[disabled !!]]>
  </system-out>
  <testcase classname="testngflags.Flag5" name="verifyloginButtonEnableDisableStatus" time="0.000"/>
  <system-out>
    <![CDATA[disabled !!]]>
  </system-out>
  <testcase classname="testngflags.Flag5" name="verifyloginButtonEnableDisableStatus" time="0.000"/>
  <system-out>
    <![CDATA[disabled !!]]>
  </system-out>
  <testcase classname="testngflags.Flag5" name="verifyloginButtonEnableDisableStatus" time="0.000"/>
  <system-out>
    <![CDATA[disabled !!]]>
  </system-out>
  <testcase classname="testngflags.Flag5" name="verifyloginButtonEnableDisableStatus" time="0.000"/>
  <system-out>
    <![CDATA[disabled !!]]>
  </system-out>
  <testcase classname="testngflags.Flag5" name="verifyloginButtonEnableDisableStatus" time="0.000"/>
  <system-out>
    <![CDATA[disabled !!]]>
  </system-out>
  <testcase classname="testngflags.Flag5" name="verifyloginButtonEnableDisableStatus" time="0.000"/>
  <system-out>
    <![CDATA[disabled !!]]>
  </system-out>
  <testcase classname="testngflags.Flag5" name="verifyloginButtonEnableDisableStatus" time="0.000"/>
  <system-out>
    <![CDATA[disabled !!]]>
  </system-out>
  <testcase classname="testngflags.Flag5" name="verifyloginButtonEnableDisableStatus" time="0.000"/>
  <system-out>
    <![CDATA[disabled !!]]>
  </system-out>
  <testcase classname="testngflags.Flag5" name="verifyloginButtonEnableDisableStatus" time="0.000"/>
  <system-out>
    <![CDATA[disabled !!]]>
  </system-out>
  <testcase classname="testngflags.Flag5" name="verifyloginButtonEnableDisableStatus" time="0.000"/>
  <system-out>
    <![CDATA[disabled !!]]>
  </system-out>
  <testcase classname="testngflags.Flag5" name="verifyloginButtonEnableDisableStatus" time="0.000"/>
  <system-out>
    <![CDATA[disabled !!]]>
  </system-out>
  <testcase classname="testngflags.Flag5" name="verifyloginButtonEnableDisableStatus" time="0.000"/>
  <system-out>
    <![CDATA[disabled !!]]>
  </system-out>
  <testcase classname="testngflags.Flag5" name="verifyloginButtonEnableDisableStatus" time="0.000"/>
  <system-out>
    <![CDATA[disabled !!]]>
  </system-out>
  <testcase classname="testngflags.Flag5" name="verifyloginButtonEnableDisableStatus" time="0.000"/>
  <system-out>
    <![CDATA[disabled !!]]>
  </system-out>
  <testcase classname="testngflags.Flag5" name="verifyloginButtonEnableDisableStatus" time="0.000"/>
  <system-out>
    <![CDATA[disabled !!]]>
  </system-out>
  <testcase classname="testngflags.Flag5" name="verifyloginButtonEnableDisableStatus" time="0.000"/>
  <system-out>
    <![CDATA[disabled !!]]>
  </system-out>
  <testcase classname="testngflags.Flag5" name="verifyloginButtonEnableDisableStatus" time="0.000"/>
  <system-out>
    <![CDATA[disabled !!]]>
  </system-out>
  <testcase classname="testngflags.Flag5" name="verifyloginButtonEnableDisableStatus" time="0.000"/>
  <system-out>
    <![CDATA[disabled !!]]>
  </system-out>
  <testcase classname="testngflags.Flag5" name="verifyloginButtonEnableDisableStatus" time="0.000"/>
  <system-out>
    <![CDATA[disabled !!]]>
  </system-out>
  <testcase classname="testngflags.Flag5" name="verifyloginButtonEnableDisableStatus" time="0.016"/>
  <system-out>
    <![CDATA[disabled !!]]>
  </system-out>
  <testcase classname="testngflags.Flag5" name="verifyloginButtonEnableDisableStatus" time="0.015"/>
  <system-out>
    <![CDATA[disabled !!]]>
  </system-out>
  <testcase classname="testngflags.Flag5" name="verifyloginButtonEnableDisableStatus" time="0.000"/>
  <system-out>
    <![CDATA[disabled !!]]>
  </system-out>
  <testcase classname="testngflags.Flag5" name="verifyloginButtonEnableDisableStatus" time="0.000"/>
  <system-out>
    <![CDATA[disabled !!]]>
  </system-out>
  <testcase classname="testngflags.Flag5" name="verifyloginButtonEnableDisableStatus" time="0.000"/>
  <system-out>
    <![CDATA[disabled !!]]>
  </system-out>
  <testcase classname="testngflags.Flag5" name="verifyloginButtonEnableDisableStatus" time="0.000"/>
  <system-out>
    <![CDATA[disabled !!]]>
  </system-out>
  <testcase classname="testngflags.Flag5" name="verifyloginButtonEnableDisableStatus" time="0.000"/>
  <system-out>
    <![CDATA[disabled !!]]>
  </system-out>
  <testcase classname="testngflags.Flag5" name="verifyloginButtonEnableDisableStatus" time="0.000"/>
  <system-out>
    <![CDATA[disabled !!]]>
  </system-out>
  <testcase classname="testngflags.Flag5" name="verifyloginButtonEnableDisableStatus" time="0.000"/>
  <system-out>
    <![CDATA[disabled !!]]>
  </system-out>
  <testcase classname="testngflags.Flag5" name="verifyloginButtonEnableDisableStatus" time="0.000"/>
  <system-out>
    <![CDATA[disabled !!]]>
  </system-out>
  <testcase classname="testngflags.Flag5" name="verifyloginButtonEnableDisableStatus" time="0.000"/>
  <system-out>
    <![CDATA[disabled !!]]>
  </system-out>
  <testcase classname="testngflags.Flag5" name="verifyloginButtonEnableDisableStatus" time="0.000"/>
  <system-out>
    <![CDATA[disabled !!]]>
  </system-out>
  <testcase classname="testngflags.Flag5" name="verifyloginButtonEnableDisableStatus" time="0.000"/>
  <system-out>
    <![CDATA[disabled !!]]>
  </system-out>
  <testcase classname="testngflags.Flag5" name="verifyloginButtonEnableDisableStatus" time="0.015"/>
  <system-out>
    <![CDATA[disabled !!]]>
  </system-out>
  <testcase classname="testngflags.Flag5" name="verifyloginButtonEnableDisableStatus" time="0.000"/>
  <system-out>
    <![CDATA[disabled !!]]>
  </system-out>
  <testcase classname="testngflags.Flag5" name="verifyloginButtonEnableDisableStatus" time="0.000"/>
  <system-out>
    <![CDATA[disabled !!]]>
  </system-out>
  <testcase classname="testngflags.Flag5" name="verifyloginButtonEnableDisableStatus" time="0.000"/>
  <system-out>
    <![CDATA[disabled !!]]>
  </system-out>
  <testcase classname="testngflags.Flag5" name="verifyloginButtonEnableDisableStatus" time="0.000"/>
  <system-out>
    <![CDATA[disabled !!]]>
  </system-out>
  <testcase classname="testngflags.Flag5" name="verifyloginButtonEnableDisableStatus" time="0.000"/>
  <system-out>
    <![CDATA[disabled !!]]>
  </system-out>
  <testcase classname="testngflags.Flag5" name="verifyloginButtonEnableDisableStatus" time="0.000"/>
  <system-out>
    <![CDATA[disabled !!]]>
  </system-out>
  <testcase classname="testngflags.Flag5" name="verifyloginButtonEnableDisableStatus" time="0.000"/>
  <system-out>
    <![CDATA[disabled !!]]>
  </system-out>
  <testcase classname="testngflags.Flag5" name="verifyloginButtonEnableDisableStatus" time="0.016"/>
  <system-out>
    <![CDATA[disabled !!]]>
  </system-out>
  <testcase classname="testngflags.Flag5" name="verifyloginButtonEnableDisableStatus" time="0.000"/>
  <system-out>
    <![CDATA[disabled !!]]>
  </system-out>
  <testcase classname="testngflags.Flag5" name="verifyloginButtonEnableDisableStatus" time="0.000"/>
  <system-out>
    <![CDATA[disabled !!]]>
  </system-out>
  <testcase classname="testngflags.Flag5" name="verifyloginButtonEnableDisableStatus" time="0.000"/>
  <system-out>
    <![CDATA[disabled !!]]>
  </system-out>
  <testcase classname="testngflags.Flag5" name="verifyloginButtonEnableDisableStatus" time="0.000"/>
  <system-out>
    <![CDATA[disabled !!]]>
  </system-out>
  <testcase classname="testngflags.Flag5" name="verifyloginButtonEnableDisableStatus" time="0.000"/>
  <system-out>
    <![CDATA[disabled !!]]>
  </system-out>
  <testcase classname="testngflags.Flag5" name="verifyloginButtonEnableDisableStatus" time="0.000"/>
  <system-out>
    <![CDATA[disabled !!]]>
  </system-out>
  <testcase classname="testngflags.Flag5" name="verifyloginButtonEnableDisableStatus" time="0.000"/>
  <system-out>
    <![CDATA[disabled !!]]>
  </system-out>
  <testcase classname="testngflags.Flag5" name="verifyloginButtonEnableDisableStatus" time="0.000"/>
  <system-out>
    <![CDATA[disabled !!]]>
  </system-out>
  <testcase classname="testngflags.Flag5" name="verifyloginButtonEnableDisableStatus" time="0.016"/>
  <system-out>
    <![CDATA[disabled !!]]>
  </system-out>
  <testcase classname="testngflags.Flag5" name="verifyloginButtonEnableDisableStatus" time="0.000"/>
  <system-out>
    <![CDATA[disabled !!]]>
  </system-out>
  <testcase classname="testngflags.Flag5" name="verifyloginButtonEnableDisableStatus" time="0.000"/>
  <system-out>
    <![CDATA[disabled !!]]>
  </system-out>
  <testcase classname="testngflags.Flag5" name="verifyloginButtonEnableDisableStatus" time="0.000"/>
  <system-out>
    <![CDATA[disabled !!]]>
  </system-out>
  <testcase classname="testngflags.Flag5" name="verifyloginButtonEnableDisableStatus" time="0.109"/>
  <system-out>
    <![CDATA[disabled !!]]>
  </system-out>
  <testcase classname="testngflags.Flag5" name="verifyloginButtonEnableDisableStatus" time="0.016"/>
  <system-out>
    <![CDATA[disabled !!]]>
  </system-out>
  <testcase classname="testngflags.Flag5" name="verifyloginButtonEnableDisableStatus" time="0.016"/>
  <system-out>
    <![CDATA[disabled !!]]>
  </system-out>
  <testcase classname="testngflags.Flag5" name="verifyloginButtonEnableDisableStatus" time="0.000"/>
  <system-out>
    <![CDATA[disabled !!]]>
  </system-out>
  <testcase classname="testngflags.Flag5" name="verifyloginButtonEnableDisableStatus" time="0.000"/>
  <system-out>
    <![CDATA[disabled !!]]>
  </system-out>
  <testcase classname="testngflags.Flag5" name="verifyloginButtonEnableDisableStatus" time="0.016"/>
  <system-out>
    <![CDATA[disabled !!]]>
  </system-out>
  <testcase classname="testngflags.Flag5" name="verifyloginButtonEnableDisableStatus" time="0.000"/>
  <system-out>
    <![CDATA[disabled !!]]>
  </system-out>
  <testcase classname="testngflags.Flag5" name="verifyloginButtonEnableDisableStatus" time="0.000"/>
  <system-out>
    <![CDATA[disabled !!]]>
  </system-out>
  <testcase classname="testngflags.Flag5" name="verifyloginButtonEnableDisableStatus" time="0.000"/>
  <system-out>
    <![CDATA[disabled !!]]>
  </system-out>
  <testcase classname="testngflags.Flag5" name="verifyloginButtonEnableDisableStatus" time="0.000"/>
  <system-out>
    <![CDATA[disabled !!]]>
  </system-out>
  <testcase classname="testngflags.Flag5" name="verifyloginButtonEnableDisableStatus" time="0.000"/>
  <system-out>
    <![CDATA[disabled !!]]>
  </system-out>
  <testcase classname="testngflags.Flag5" name="verifyloginButtonEnableDisableStatus" time="0.001"/>
  <system-out>
    <![CDATA[disabled !!]]>
  </system-out>
  <testcase classname="testngflags.Flag5" name="verifyloginButtonEnableDisableStatus" time="0.000"/>
  <system-out>
    <![CDATA[disabled !!]]>
  </system-out>
  <testcase classname="testngflags.Flag5" name="verifyloginButtonEnableDisableStatus" time="0.000"/>
  <system-out>
    <![CDATA[disabled !!]]>
  </system-out>
  <testcase classname="testngflags.Flag5" name="verifyloginButtonEnableDisableStatus" time="0.000"/>
  <system-out>
    <![CDATA[disabled !!]]>
  </system-out>
  <testcase classname="testngflags.Flag5" name="verifyloginButtonEnableDisableStatus" time="0.000"/>
  <system-out>
    <![CDATA[disabled !!]]>
  </system-out>
  <testcase classname="testngflags.Flag5" name="verifyloginButtonEnableDisableStatus" time="0.000"/>
  <system-out>
    <![CDATA[disabled !!]]>
  </system-out>
  <testcase classname="testngflags.Flag5" name="verifyloginButtonEnableDisableStatus" time="0.015"/>
  <system-out>
    <![CDATA[disabled !!]]>
  </system-out>
  <testcase classname="testngflags.Flag5" name="verifyloginButtonEnableDisableStatus" time="0.000"/>
  <system-out>
    <![CDATA[disabled !!]]>
  </system-out>
  <testcase classname="testngflags.Flag5" name="verifyloginButtonEnableDisableStatus" time="0.000"/>
  <system-out>
    <![CDATA[disabled !!]]>
  </system-out>
  <testcase classname="testngflags.Flag5" name="verifyloginButtonEnableDisableStatus" time="0.000"/>
  <system-out>
    <![CDATA[disabled !!]]>
  </system-out>
  <testcase classname="testngflags.Flag5" name="verifyloginButtonEnableDisableStatus" time="0.000"/>
  <system-out>
    <![CDATA[disabled !!]]>
  </system-out>
  <testcase classname="testngflags.Flag5" name="verifyloginButtonEnableDisableStatus" time="0.000"/>
  <system-out>
    <![CDATA[disabled !!]]>
  </system-out>
  <testcase classname="testngflags.Flag5" name="verifyloginButtonEnableDisableStatus" time="0.000"/>
  <system-out>
    <![CDATA[disabled !!]]>
  </system-out>
  <testcase classname="testngflags.Flag5" name="verifyloginButtonEnableDisableStatus" time="0.000"/>
  <system-out>
    <![CDATA[disabled !!]]>
  </system-out>
  <testcase classname="testngflags.Flag5" name="verifyloginButtonEnableDisableStatus" time="0.000"/>
  <system-out>
    <![CDATA[disabled !!]]>
  </system-out>
  <testcase classname="testngflags.Flag5" name="verifyloginButtonEnableDisableStatus" time="0.000"/>
  <system-out>
    <![CDATA[disabled !!]]>
  </system-out>
  <testcase classname="testngflags.Flag5" name="verifyloginButtonEnableDisableStatus" time="0.000"/>
  <system-out>
    <![CDATA[disabled !!]]>
  </system-out>
  <testcase classname="testngflags.Flag5" name="verifyloginButtonEnableDisableStatus" time="0.000"/>
  <system-out>
    <![CDATA[disabled !!]]>
  </system-out>
  <testcase classname="testngflags.Flag5" name="verifyloginButtonEnableDisableStatus" time="0.000"/>
  <system-out>
    <![CDATA[disabled !!]]>
  </system-out>
  <testcase classname="testngflags.Flag5" name="verifyloginButtonEnableDisableStatus" time="0.000"/>
  <system-out>
    <![CDATA[disabled !!]]>
  </system-out>
  <testcase classname="testngflags.Flag5" name="verifyloginButtonEnableDisableStatus" time="0.000"/>
  <system-out>
    <![CDATA[disabled !!]]>
  </system-out>
  <testcase classname="testngflags.Flag5" name="verifyloginButtonEnableDisableStatus" time="0.000"/>
  <system-out>
    <![CDATA[disabled !!]]>
  </system-out>
  <testcase classname="testngflags.Flag5" name="verifyloginButtonEnableDisableStatus" time="0.000"/>
  <system-out>
    <![CDATA[disabled !!]]>
  </system-out>
  <testcase classname="testngflags.Flag5" name="verifyloginButtonEnableDisableStatus" time="0.016"/>
  <system-out>
    <![CDATA[disabled !!]]>
  </system-out>
  <testcase classname="testngflags.Flag5" name="verifyloginButtonEnableDisableStatus" time="0.000"/>
  <system-out>
    <![CDATA[disabled !!]]>
  </system-out>
  <testcase classname="testngflags.Flag5" name="verifyloginButtonEnableDisableStatus" time="0.016"/>
  <system-out>
    <![CDATA[disabled !!]]>
  </system-out>
  <testcase classname="testngflags.Flag5" name="verifyloginButtonEnableDisableStatus" time="0.000"/>
  <system-out>
    <![CDATA[disabled !!]]>
  </system-out>
  <testcase classname="testngflags.Flag5" name="verifyloginButtonEnableDisableStatus" time="0.000"/>
  <system-out>
    <![CDATA[disabled !!]]>
  </system-out>
  <testcase classname="testngflags.Flag5" name="verifyloginButtonEnableDisableStatus" time="0.000"/>
  <system-out>
    <![CDATA[disabled !!]]>
  </system-out>
  <testcase classname="testngflags.Flag5" name="verifyloginButtonEnableDisableStatus" time="0.000"/>
  <system-out>
    <![CDATA[disabled !!]]>
  </system-out>
  <testcase classname="testngflags.Flag5" name="verifyloginButtonEnableDisableStatus" time="0.000"/>
  <system-out>
    <![CDATA[disabled !!]]>
  </system-out>
  <testcase classname="testngflags.Flag5" name="verifyloginButtonEnableDisableStatus" time="0.015"/>
  <system-out>
    <![CDATA[disabled !!]]>
  </system-out>
  <testcase classname="testngflags.Flag5" name="verifyloginButtonEnableDisableStatus" time="0.000"/>
  <system-out>
    <![CDATA[disabled !!]]>
  </system-out>
  <testcase classname="testngflags.Flag5" name="verifyloginButtonEnableDisableStatus" time="0.000"/>
  <system-out>
    <![CDATA[disabled !!]]>
  </system-out>
  <testcase classname="testngflags.Flag5" name="verifyloginButtonEnableDisableStatus" time="0.000"/>
  <system-out>
    <![CDATA[disabled !!]]>
  </system-out>
  <testcase classname="testngflags.Flag5" name="verifyloginButtonEnableDisableStatus" time="0.000"/>
  <system-out>
    <![CDATA[disabled !!]]>
  </system-out>
  <testcase classname="testngflags.Flag5" name="verifyloginButtonEnableDisableStatus" time="0.000"/>
  <system-out>
    <![CDATA[disabled !!]]>
  </system-out>
  <testcase classname="testngflags.Flag5" name="verifyloginButtonEnableDisableStatus" time="0.000"/>
  <system-out>
    <![CDATA[disabled !!]]>
  </system-out>
  <testcase classname="testngflags.Flag5" name="verifyloginButtonEnableDisableStatus" time="0.000"/>
  <system-out>
    <![CDATA[disabled !!]]>
  </system-out>
  <testcase classname="testngflags.Flag5" name="verifyloginButtonEnableDisableStatus" time="0.016"/>
  <system-out>
    <![CDATA[disabled !!]]>
  </system-out>
  <testcase classname="testngflags.Flag5" name="verifyloginButtonEnableDisableStatus" time="0.000"/>
  <system-out>
    <![CDATA[disabled !!]]>
  </system-out>
  <testcase classname="testngflags.Flag5" name="verifyloginButtonEnableDisableStatus" time="0.000"/>
  <system-out>
    <![CDATA[disabled !!]]>
  </system-out>
  <testcase classname="testngflags.Flag5" name="verifyloginButtonEnableDisableStatus" time="0.000"/>
  <system-out>
    <![CDATA[disabled !!]]>
  </system-out>
  <testcase classname="testngflags.Flag5" name="verifyloginButtonEnableDisableStatus" time="0.000"/>
  <system-out>
    <![CDATA[disabled !!]]>
  </system-out>
  <testcase classname="testngflags.Flag5" name="verifyloginButtonEnableDisableStatus" time="0.000"/>
  <system-out>
    <![CDATA[disabled !!]]>
  </system-out>
  <testcase classname="testngflags.Flag5" name="verifyloginButtonEnableDisableStatus" time="0.000"/>
  <system-out>
    <![CDATA[disabled !!]]>
  </system-out>
  <testcase classname="testngflags.Flag5" name="verifyloginButtonEnableDisableStatus" time="0.016"/>
  <system-out>
    <![CDATA[disabled !!]]>
  </system-out>
  <testcase classname="testngflags.Flag5" name="verifyloginButtonEnableDisableStatus" time="0.000"/>
  <system-out>
    <![CDATA[disabled !!]]>
  </system-out>
  <testcase classname="testngflags.Flag5" name="verifyloginButtonEnableDisableStatus" time="0.000"/>
  <system-out>
    <![CDATA[disabled !!]]>
  </system-out>
  <testcase classname="testngflags.Flag5" name="verifyloginButtonEnableDisableStatus" time="0.000"/>
  <system-out>
    <![CDATA[disabled !!]]>
  </system-out>
  <testcase classname="testngflags.Flag5" name="verifyloginButtonEnableDisableStatus" time="0.000"/>
  <system-out>
    <![CDATA[disabled !!]]>
  </system-out>
  <testcase classname="testngflags.Flag5" name="verifyloginButtonEnableDisableStatus" time="0.000"/>
  <system-out>
    <![CDATA[disabled !!]]>
  </system-out>
  <testcase classname="testngflags.Flag5" name="verifyloginButtonEnableDisableStatus" time="0.000"/>
  <system-out>
    <![CDATA[disabled !!]]>
  </system-out>
  <testcase classname="testngflags.Flag5" name="verifyloginButtonEnableDisableStatus" time="0.000"/>
  <system-out>
    <![CDATA[disabled !!]]>
  </system-out>
  <testcase classname="testngflags.Flag5" name="verifyloginButtonEnableDisableStatus" time="0.000"/>
  <system-out>
    <![CDATA[disabled !!]]>
  </system-out>
  <testcase classname="testngflags.Flag5" name="verifyloginButtonEnableDisableStatus" time="0.000"/>
  <system-out>
    <![CDATA[disabled !!]]>
  </system-out>
  <testcase classname="testngflags.Flag5" name="verifyloginButtonEnableDisableStatus" time="0.000"/>
  <system-out>
    <![CDATA[disabled !!]]>
  </system-out>
  <testcase classname="testngflags.Flag5" name="verifyloginButtonEnableDisableStatus" time="0.015"/>
  <system-out>
    <![CDATA[disabled !!]]>
  </system-out>
  <testcase classname="testngflags.Flag5" name="verifyloginButtonEnableDisableStatus" time="0.000"/>
  <system-out>
    <![CDATA[disabled !!]]>
  </system-out>
  <testcase classname="testngflags.Flag5" name="verifyloginButtonEnableDisableStatus" time="0.000"/>
  <system-out>
    <![CDATA[disabled !!]]>
  </system-out>
  <testcase classname="testngflags.Flag5" name="verifyloginButtonEnableDisableStatus" time="0.000"/>
  <system-out>
    <![CDATA[disabled !!]]>
  </system-out>
  <testcase classname="testngflags.Flag5" name="verifyloginButtonEnableDisableStatus" time="0.000"/>
  <system-out>
    <![CDATA[disabled !!]]>
  </system-out>
  <testcase classname="testngflags.Flag5" name="verifyloginButtonEnableDisableStatus" time="0.094"/>
  <system-out>
    <![CDATA[disabled !!]]>
  </system-out>
  <testcase classname="testngflags.Flag5" name="verifyloginButtonEnableDisableStatus" time="0.000"/>
  <system-out>
    <![CDATA[disabled !!]]>
  </system-out>
  <testcase classname="testngflags.Flag5" name="verifyloginButtonEnableDisableStatus" time="0.000"/>
  <system-out>
    <![CDATA[disabled !!]]>
  </system-out>
  <testcase classname="testngflags.Flag5" name="verifyloginButtonEnableDisableStatus" time="0.000"/>
  <system-out>
    <![CDATA[disabled !!]]>
  </system-out>
  <testcase classname="testngflags.Flag5" name="verifyloginButtonEnableDisableStatus" time="0.000"/>
  <system-out>
    <![CDATA[disabled !!]]>
  </system-out>
  <testcase classname="testngflags.Flag5" name="verifyloginButtonEnableDisableStatus" time="0.000"/>
  <system-out>
    <![CDATA[disabled !!]]>
  </system-out>
  <testcase classname="testngflags.Flag5" name="verifyloginButtonEnableDisableStatus" time="0.000"/>
  <system-out>
    <![CDATA[disabled !!]]>
  </system-out>
  <testcase classname="testngflags.Flag5" name="verifyloginButtonEnableDisableStatus" time="0.000"/>
  <system-out>
    <![CDATA[disabled !!]]>
  </system-out>
  <testcase classname="testngflags.Flag5" name="verifyloginButtonEnableDisableStatus" time="0.000"/>
  <system-out>
    <![CDATA[disabled !!]]>
  </system-out>
  <testcase classname="testngflags.Flag5" name="verifyloginButtonEnableDisableStatus" time="0.000"/>
  <system-out>
    <![CDATA[disabled !!]]>
  </system-out>
  <testcase classname="testngflags.Flag5" name="verifyloginButtonEnableDisableStatus" time="0.000"/>
  <system-out>
    <![CDATA[disabled !!]]>
  </system-out>
  <testcase classname="testngflags.Flag5" name="verifyloginButtonEnableDisableStatus" time="0.000"/>
  <system-out>
    <![CDATA[disabled !!]]>
  </system-out>
  <testcase classname="testngflags.Flag5" name="verifyloginButtonEnableDisableStatus" time="0.016"/>
  <system-out>
    <![CDATA[disabled !!]]>
  </system-out>
  <testcase classname="testngflags.Flag5" name="verifyloginButtonEnableDisableStatus" time="0.016"/>
  <system-out>
    <![CDATA[disabled !!]]>
  </system-out>
  <testcase classname="testngflags.Flag5" name="verifyloginButtonEnableDisableStatus" time="0.000"/>
  <system-out>
    <![CDATA[disabled !!]]>
  </system-out>
  <testcase classname="testngflags.Flag5" name="verifyloginButtonEnableDisableStatus" time="0.016"/>
  <system-out>
    <![CDATA[disabled !!]]>
  </system-out>
  <testcase classname="testngflags.Flag5" name="verifyloginButtonEnableDisableStatus" time="0.000"/>
  <system-out>
    <![CDATA[disabled !!]]>
  </system-out>
  <testcase classname="testngflags.Flag5" name="verifyloginButtonEnableDisableStatus" time="0.017"/>
  <system-out>
    <![CDATA[disabled !!]]>
  </system-out>
  <testcase classname="testngflags.Flag5" name="verifyloginButtonEnableDisableStatus" time="0.015"/>
  <system-out>
    <![CDATA[disabled !!]]>
  </system-out>
  <testcase classname="testngflags.Flag5" name="verifyloginButtonEnableDisableStatus" time="0.016"/>
  <system-out>
    <![CDATA[disabled !!]]>
  </system-out>
  <testcase classname="testngflags.Flag5" name="verifyloginButtonEnableDisableStatus" time="0.000"/>
  <system-out>
    <![CDATA[disabled !!]]>
  </system-out>
  <testcase classname="testngflags.Flag5" name="verifyloginButtonEnableDisableStatus" time="0.016"/>
  <system-out>
    <![CDATA[disabled !!]]>
  </system-out>
  <testcase classname="testngflags.Flag5" name="verifyloginButtonEnableDisableStatus" time="0.000"/>
  <system-out>
    <![CDATA[disabled !!]]>
  </system-out>
  <testcase classname="testngflags.Flag5" name="verifyloginButtonEnableDisableStatus" time="0.016"/>
  <system-out>
    <![CDATA[disabled !!]]>
  </system-out>
  <testcase classname="testngflags.Flag5" name="verifyloginButtonEnableDisableStatus" time="0.000"/>
  <system-out>
    <![CDATA[disabled !!]]>
  </system-out>
  <testcase classname="testngflags.Flag5" name="verifyloginButtonEnableDisableStatus" time="0.000"/>
  <system-out>
    <![CDATA[disabled !!]]>
  </system-out>
  <testcase classname="testngflags.Flag5" name="verifyloginButtonEnableDisableStatus" time="0.000"/>
  <system-out>
    <![CDATA[disabled !!]]>
  </system-out>
  <testcase classname="testngflags.Flag5" name="verifyloginButtonEnableDisableStatus" time="0.000"/>
  <system-out>
    <![CDATA[disabled !!]]>
  </system-out>
  <testcase classname="testngflags.Flag5" name="verifyloginButtonEnableDisableStatus" time="0.000"/>
  <system-out>
    <![CDATA[disabled !!]]>
  </system-out>
  <testcase classname="testngflags.Flag5" name="verifyloginButtonEnableDisableStatus" time="0.000"/>
  <system-out>
    <![CDATA[disabled !!]]>
  </system-out>
  <testcase classname="testngflags.Flag5" name="verifyloginButtonEnableDisableStatus" time="0.000"/>
  <system-out>
    <![CDATA[disabled !!]]>
  </system-out>
  <testcase classname="testngflags.Flag5" name="verifyloginButtonEnableDisableStatus" time="0.000"/>
  <system-out>
    <![CDATA[disabled !!]]>
  </system-out>
  <testcase classname="testngflags.Flag5" name="verifyloginButtonEnableDisableStatus" time="0.000"/>
  <system-out>
    <![CDATA[disabled !!]]>
  </system-out>
  <testcase classname="testngflags.Flag5" name="verifyloginButtonEnableDisableStatus" time="0.000"/>
  <system-out>
    <![CDATA[disabled !!]]>
  </system-out>
  <testcase classname="testngflags.Flag5" name="verifyloginButtonEnableDisableStatus" time="0.000"/>
  <system-out>
    <![CDATA[disabled !!]]>
  </system-out>
  <testcase classname="testngflags.Flag5" name="verifyloginButtonEnableDisableStatus" time="0.000"/>
  <system-out>
    <![CDATA[disabled !!]]>
  </system-out>
  <testcase classname="testngflags.Flag5" name="verifyloginButtonEnableDisableStatus" time="0.000"/>
  <system-out>
    <![CDATA[disabled !!]]>
  </system-out>
  <testcase classname="testngflags.Flag5" name="verifyloginButtonEnableDisableStatus" time="0.000"/>
  <system-out>
    <![CDATA[disabled !!]]>
  </system-out>
  <testcase classname="testngflags.Flag5" name="verifyloginButtonEnableDisableStatus" time="0.000"/>
  <system-out>
    <![CDATA[disabled !!]]>
  </system-out>
  <testcase classname="testngflags.Flag5" name="verifyloginButtonEnableDisableStatus" time="0.000"/>
  <system-out>
    <![CDATA[disabled !!]]>
  </system-out>
  <testcase classname="testngflags.Flag5" name="verifyloginButtonEnableDisableStatus" time="0.000"/>
  <system-out>
    <![CDATA[disabled !!]]>
  </system-out>
  <testcase classname="testngflags.Flag5" name="verifyloginButtonEnableDisableStatus" time="0.000"/>
  <system-out>
    <![CDATA[disabled !!]]>
  </system-out>
  <testcase classname="testngflags.Flag5" name="verifyloginButtonEnableDisableStatus" time="0.000"/>
  <system-out>
    <![CDATA[disabled !!]]>
  </system-out>
  <testcase classname="testngflags.Flag5" name="verifyloginButtonEnableDisableStatus" time="0.000"/>
  <system-out>
    <![CDATA[disabled !!]]>
  </system-out>
  <testcase classname="testngflags.Flag5" name="verifyloginButtonEnableDisableStatus" time="0.000"/>
  <system-out>
    <![CDATA[disabled !!]]>
  </system-out>
  <testcase classname="testngflags.Flag5" name="verifyloginButtonEnableDisableStatus" time="0.000"/>
  <system-out>
    <![CDATA[disabled !!]]>
  </system-out>
  <testcase classname="testngflags.Flag5" name="verifyloginButtonEnableDisableStatus" time="0.000"/>
  <system-out>
    <![CDATA[disabled !!]]>
  </system-out>
  <testcase classname="testngflags.Flag5" name="verifyloginButtonEnableDisableStatus" time="0.000"/>
  <system-out>
    <![CDATA[disabled !!]]>
  </system-out>
  <testcase classname="testngflags.Flag5" name="verifyloginButtonEnableDisableStatus" time="0.000"/>
  <system-out>
    <![CDATA[disabled !!]]>
  </system-out>
  <testcase classname="testngflags.Flag5" name="verifyloginButtonEnableDisableStatus" time="0.000"/>
  <system-out>
    <![CDATA[disabled !!]]>
  </system-out>
  <testcase classname="testngflags.Flag5" name="verifyloginButtonEnableDisableStatus" time="0.000"/>
  <system-out>
    <![CDATA[disabled !!]]>
  </system-out>
  <testcase classname="testngflags.Flag5" name="verifyloginButtonEnableDisableStatus" time="0.000"/>
  <system-out>
    <![CDATA[disabled !!]]>
  </system-out>
  <testcase classname="testngflags.Flag5" name="verifyloginButtonEnableDisableStatus" time="0.000"/>
  <system-out>
    <![CDATA[disabled !!]]>
  </system-out>
  <testcase classname="testngflags.Flag5" name="verifyloginButtonEnableDisableStatus" time="0.000"/>
  <system-out>
    <![CDATA[disabled !!]]>
  </system-out>
  <testcase classname="testngflags.Flag5" name="verifyloginButtonEnableDisableStatus" time="0.016"/>
  <system-out>
    <![CDATA[disabled !!]]>
  </system-out>
  <testcase classname="testngflags.Flag5" name="verifyloginButtonEnableDisableStatus" time="0.000"/>
  <system-out>
    <![CDATA[disabled !!]]>
  </system-out>
  <testcase classname="testngflags.Flag5" name="verifyloginButtonEnableDisableStatus" time="0.000"/>
  <system-out>
    <![CDATA[disabled !!]]>
  </system-out>
  <testcase classname="testngflags.Flag5" name="verifyloginButtonEnableDisableStatus" time="0.015"/>
  <system-out>
    <![CDATA[disabled !!]]>
  </system-out>
  <testcase classname="testngflags.Flag5" name="verifyloginButtonEnableDisableStatus" time="0.000"/>
  <system-out>
    <![CDATA[disabled !!]]>
  </system-out>
  <testcase classname="testngflags.Flag5" name="verifyloginButtonEnableDisableStatus" time="0.000"/>
  <system-out>
    <![CDATA[disabled !!]]>
  </system-out>
  <testcase classname="testngflags.Flag5" name="verifyloginButtonEnableDisableStatus" time="0.000"/>
  <system-out>
    <![CDATA[disabled !!]]>
  </system-out>
  <testcase classname="testngflags.Flag5" name="verifyloginButtonEnableDisableStatus" time="0.000"/>
  <system-out>
    <![CDATA[disabled !!]]>
  </system-out>
  <testcase classname="testngflags.Flag5" name="verifyloginButtonEnableDisableStatus" time="0.000"/>
  <system-out>
    <![CDATA[disabled !!]]>
  </system-out>
  <testcase classname="testngflags.Flag5" name="verifyloginButtonEnableDisableStatus" time="0.015"/>
  <system-out>
    <![CDATA[disabled !!]]>
  </system-out>
  <testcase classname="testngflags.Flag5" name="verifyloginButtonEnableDisableStatus" time="0.000"/>
  <system-out>
    <![CDATA[disabled !!]]>
  </system-out>
  <testcase classname="testngflags.Flag5" name="verifyloginButtonEnableDisableStatus" time="0.000"/>
  <system-out>
    <![CDATA[disabled !!]]>
  </system-out>
  <testcase classname="testngflags.Flag5" name="verifyloginButtonEnableDisableStatus" time="0.000"/>
  <system-out>
    <![CDATA[disabled !!]]>
  </system-out>
  <testcase classname="testngflags.Flag5" name="verifyloginButtonEnableDisableStatus" time="0.000"/>
  <system-out>
    <![CDATA[disabled !!]]>
  </system-out>
  <testcase classname="testngflags.Flag5" name="verifyloginButtonEnableDisableStatus" time="0.000"/>
  <system-out>
    <![CDATA[disabled !!]]>
  </system-out>
  <testcase classname="testngflags.Flag5" name="verifyloginButtonEnableDisableStatus" time="0.015"/>
  <system-out>
    <![CDATA[disabled !!]]>
  </system-out>
  <testcase classname="testngflags.Flag5" name="verifyloginButtonEnableDisableStatus" time="0.000"/>
  <system-out>
    <![CDATA[disabled !!]]>
  </system-out>
  <testcase classname="testngflags.Flag5" name="verifyloginButtonEnableDisableStatus" time="0.000"/>
  <system-out>
    <![CDATA[disabled !!]]>
  </system-out>
  <testcase classname="testngflags.Flag5" name="verifyloginButtonEnableDisableStatus" time="0.000"/>
  <system-out>
    <![CDATA[disabled !!]]>
  </system-out>
  <testcase classname="testngflags.Flag5" name="verifyloginButtonEnableDisableStatus" time="0.000"/>
  <system-out>
    <![CDATA[disabled !!]]>
  </system-out>
  <testcase classname="testngflags.Flag5" name="verifyloginButtonEnableDisableStatus" time="0.000"/>
  <system-out>
    <![CDATA[disabled !!]]>
  </system-out>
[...]
  <system-out>
    <![CDATA[disabled !!]]>
  </system-out>
  <testcase classname="testngflags.Flag5" name="verifyloginButtonEnableDisableStatus" time="0.000"/>
  <system-out>
    <![CDATA[disabled !!]]>
  </system-out>
  <testcase classname="testngflags.Flag5" name="verifyloginButtonEnableDisableStatus" time="0.000"/>
  <system-out>
    <![CDATA[disabled !!]]>
  </system-out>
  <testcase classname="testngflags.Flag5" name="verifyloginButtonEnableDisableStatus" time="0.000"/>
  <system-out>
    <![CDATA[disabled !!]]>
  </system-out>
  <testcase classname="testngflags.Flag5" name="verifyloginButtonEnableDisableStatus" time="0.000"/>
  <system-out>
    <![CDATA[disabled !!]]>
  </system-out>
  <testcase classname="testngflags.Flag5" name="verifyloginButtonEnableDisableStatus" time="0.000"/>
  <system-out>
    <![CDATA[disabled !!]]>
  </system-out>
  <testcase classname="testngflags.Flag5" name="verifyloginButtonEnableDisableStatus" time="0.000"/>
  <system-out>
    <![CDATA[disabled !!]]>
  </system-out>
  <testcase classname="testngflags.Flag5" name="verifyloginButtonEnableDisableStatus" time="0.016"/>
  <system-out>
    <![CDATA[disabled !!]]>
  </system-out>
  <testcase classname="testngflags.Flag5" name="verifyloginButtonEnableDisableStatus" time="0.000"/>
  <system-out>
    <![CDATA[disabled !!]]>
  </system-out>
  <testcase classname="testngflags.Flag5" name="verifyloginButtonEnableDisableStatus" time="0.016"/>
  <system-out>
    <![CDATA[disabled !!]]>
  </system-out>
  <testcase classname="testngflags.Flag5" name="verifyloginButtonEnableDisableStatus" time="0.000"/>
  <system-out>
    <![CDATA[disabled !!]]>
  </system-out>
  <testcase classname="testngflags.Flag5" name="verifyloginButtonEnableDisableStatus" time="0.000"/>
  <system-out>
    <![CDATA[disabled !!]]>
  </system-out>
  <testcase classname="testngflags.Flag5" name="verifyloginButtonEnableDisableStatus" time="0.000"/>
  <system-out>
    <![CDATA[disabled !!]]>
  </system-out>
  <testcase classname="testngflags.Flag5" name="verifyloginButtonEnableDisableStatus" time="0.000"/>
  <system-out>
    <![CDATA[disabled !!]]>
  </system-out>
  <testcase classname="testngflags.Flag5" name="verifyloginButtonEnableDisableStatus" time="0.000"/>
  <system-out>
    <![CDATA[disabled !!]]>
  </system-out>
  <testcase classname="testngflags.Flag5" name="verifyloginButtonEnableDisableStatus" time="0.000"/>
  <system-out>
    <![CDATA[disabled !!]]>
  </system-out>
  <testcase classname="testngflags.Flag5" name="verifyloginButtonEnableDisableStatus" time="0.000"/>
  <system-out>
    <![CDATA[disabled !!]]>
  </system-out>
  <testcase classname="testngflags.Flag5" name="verifyloginButtonEnableDisableStatus" time="0.000"/>
  <system-out>
    <![CDATA[disabled !!]]>
  </system-out>
  <testcase classname="testngflags.Flag5" name="verifyloginButtonEnableDisableStatus" time="0.000"/>
  <system-out>
    <![CDATA[disabled !!]]>
  </system-out>
  <testcase classname="testngflags.Flag5" name="verifyloginButtonEnableDisableStatus" time="0.016"/>
  <system-out>
    <![CDATA[disabled !!]]>
  </system-out>
  <testcase classname="testngflags.Flag5" name="verifyloginButtonEnableDisableStatus" time="0.000"/>
  <system-out>
    <![CDATA[disabled !!]]>
  </system-out>
  <testcase classname="testngflags.Flag5" name="verifyloginButtonEnableDisableStatus" time="0.000"/>
  <system-out>
    <![CDATA[disabled !!]]>
  </system-out>
  <testcase classname="testngflags.Flag5" name="verifyloginButtonEnableDisableStatus" time="0.000"/>
  <system-out>
    <![CDATA[disabled !!]]>
  </system-out>
  <testcase classname="testngflags.Flag5" name="verifyloginButtonEnableDisableStatus" time="0.000"/>
  <system-out>
    <![CDATA[disabled !!]]>
  </system-out>
  <testcase classname="testngflags.Flag5" name="verifyloginButtonEnableDisableStatus" time="0.000"/>
  <system-out>
    <![CDATA[disabled !!]]>
  </system-out>
  <testcase classname="testngflags.Flag5" name="verifyloginButtonEnableDisableStatus" time="0.000"/>
  <system-out>
    <![CDATA[disabled !!]]>
  </system-out>
  <testcase classname="testngflags.Flag5" name="verifyloginButtonEnableDisableStatus" time="0.016"/>
  <system-out>
    <![CDATA[disabled !!]]>
  </system-out>
  <testcase classname="testngflags.Flag5" name="verifyloginButtonEnableDisableStatus" time="0.000"/>
  <system-out>
    <![CDATA[disabled !!]]>
  </system-out>
  <testcase classname="testngflags.Flag5" name="verifyloginButtonEnableDisableStatus" time="0.000"/>
  <system-out>
    <![CDATA[disabled !!]]>
  </system-out>
  <testcase classname="testngflags.Flag5" name="verifyloginButtonEnableDisableStatus" time="0.000"/>
  <system-out>
    <![CDATA[disabled !!]]>
  </system-out>
  <testcase classname="testngflags.Flag5" name="verifyloginButtonEnableDisableStatus" time="0.016"/>
  <system-out>
    <![CDATA[disabled !!]]>
  </system-out>
  <testcase classname="testngflags.Flag5" name="verifyloginButtonEnableDisableStatus" time="0.000"/>
  <system-out>
    <![CDATA[disabled !!]]>
  </system-out>
  <testcase classname="testngflags.Flag5" name="verifyloginButtonEnableDisableStatus" time="0.015"/>
  <system-out>
    <![CDATA[disabled !!]]>
  </system-out>
  <testcase classname="testngflags.Flag5" name="verifyloginButtonEnableDisableStatus" time="0.000"/>
  <system-out>
    <![CDATA[disabled !!]]>
  </system-out>
  <testcase classname="testngflags.Flag5" name="verifyloginButtonEnableDisableStatus" time="0.000"/>
  <system-out>
    <![CDATA[disabled !!]]>
  </system-out>
  <testcase classname="testngflags.Flag5" name="verifyloginButtonEnableDisableStatus" time="0.000"/>
  <system-out>
    <![CDATA[disabled !!]]>
  </system-out>
  <testcase classname="testngflags.Flag5" name="verifyloginButtonEnableDisableStatus" time="0.000"/>
  <system-out>
    <![CDATA[disabled !!]]>
  </system-out>
  <testcase classname="testngflags.Flag5" name="verifyloginButtonEnableDisableStatus" time="0.000"/>
  <system-out>
    <![CDATA[disabled !!]]>
  </system-out>
  <testcase classname="testngflags.Flag5" name="verifyloginButtonEnableDisableStatus" time="0.015"/>
  <system-out>
    <![CDATA[disabled !!]]>
  </system-out>
  <testcase classname="testngflags.Flag5" name="verifyloginButtonEnableDisableStatus" time="0.000"/>
  <system-out>
    <![CDATA[disabled !!]]>
  </system-out>
  <testcase classname="testngflags.Flag5" name="verifyloginButtonEnableDisableStatus" time="0.000"/>
  <system-out>
    <![CDATA[disabled !!]]>
  </system-out>
  <testcase classname="testngflags.Flag5" name="verifyloginButtonEnableDisableStatus" time="0.000"/>
  <system-out>
    <![CDATA[disabled !!]]>
  </system-out>
  <testcase classname="testngflags.Flag5" name="verifyloginButtonEnableDisableStatus" time="0.000"/>
  <system-out>
    <![CDATA[disabled !!]]>
  </system-out>
  <testcase classname="testngflags.Flag5" name="verifyloginButtonEnableDisableStatus" time="0.000"/>
  <system-out>
    <![CDATA[disabled !!]]>
  </system-out>
  <testcase classname="testngflags.Flag5" name="verifyloginButtonEnableDisableStatus" time="0.000"/>
  <system-out>
    <![CDATA[disabled !!]]>
  </system-out>
  <testcase classname="testngflags.Flag5" name="verifyloginButtonEnableDisableStatus" time="0.000"/>
  <system-out>
    <![CDATA[disabled !!]]>
  </system-out>
  <testcase classname="testngflags.Flag5" name="verifyloginButtonEnableDisableStatus" time="0.000"/>
  <system-out>
    <![CDATA[disabled !!]]>
  </system-out>
  <testcase classname="testngflags.Flag5" name="verifyloginButtonEnableDisableStatus" time="0.000"/>
  <system-out>
    <![CDATA[disabled !!]]>
  </system-out>
  <testcase classname="testngflags.Flag5" name="verifyloginButtonEnableDisableStatus" time="0.000"/>
  <system-out>
    <![CDATA[disabled !!]]>
  </system-out>
  <testcase classname="testngflags.Flag5" name="verifyloginButtonEnableDisableStatus" time="0.031"/>
  <system-out>
    <![CDATA[disabled !!]]>
  </system-out>
  <testcase classname="testngflags.Flag5" name="verifyloginButtonEnableDisableStatus" time="0.000"/>
  <system-out>
    <![CDATA[disabled !!]]>
  </system-out>
  <testcase classname="testngflags.Flag5" name="verifyloginButtonEnableDisableStatus" time="0.000"/>
  <system-out>
    <![CDATA[disabled !!]]>
  </system-out>
  <testcase classname="testngflags.Flag5" name="verifyloginButtonEnableDisableStatus" time="0.000"/>
  <system-out>
    <![CDATA[disabled !!]]>
  </system-out>
  <testcase classname="testngflags.Flag5" name="verifyloginButtonEnableDisableStatus" time="0.000"/>
  <system-out>
    <![CDATA[disabled !!]]>
  </system-out>
  <testcase classname="testngflags.Flag5" name="verifyloginButtonEnableDisableStatus" time="0.000"/>
  <system-out>
    <![CDATA[disabled !!]]>
  </system-out>
  <testcase classname="testngflags.Flag5" name="verifyloginButtonEnableDisableStatus" time="0.015"/>
  <system-out>
    <![CDATA[disabled !!]]>
  </system-out>
  <testcase classname="testngflags.Flag5" name="verifyloginButtonEnableDisableStatus" time="0.000"/>
  <system-out>
    <![CDATA[disabled !!]]>
  </system-out>
  <testcase classname="testngflags.Flag5" name="verifyloginButtonEnableDisableStatus" time="0.000"/>
  <system-out>
    <![CDATA[disabled !!]]>
  </system-out>
  <testcase classname="testngflags.Flag5" name="verifyloginButtonEnableDisableStatus" time="0.000"/>
  <system-out>
    <![CDATA[disabled !!]]>
  </system-out>
  <testcase classname="testngflags.Flag5" name="verifyloginButtonEnableDisableStatus" time="0.000"/>
  <system-out>
    <![CDATA[disabled !!]]>
  </system-out>
  <testcase classname="testngflags.Flag5" name="verifyloginButtonEnableDisableStatus" time="0.000"/>
  <system-out>
    <![CDATA[disabled !!]]>
  </system-out>
  <testcase classname="testngflags.Flag5" name="verifyloginButtonEnableDisableStatus" time="0.016"/>
  <system-out>
    <![CDATA[disabled !!]]>
  </system-out>
  <testcase classname="testngflags.Flag5" name="verifyloginButtonEnableDisableStatus" time="0.000"/>
  <system-out>
    <![CDATA[disabled !!]]>
  </system-out>
  <testcase classname="testngflags.Flag5" name="verifyloginButtonEnableDisableStatus" time="0.000"/>
  <system-out>
    <![CDATA[disabled !!]]>
  </system-out>
  <testcase classname="testngflags.Flag5" name="verifyloginButtonEnableDisableStatus" time="0.016"/>
  <system-out>
    <![CDATA[disabled !!]]>
  </system-out>
  <testcase classname="testngflags.Flag5" name="verifyloginButtonEnableDisableStatus" time="0.016"/>
  <system-out>
    <![CDATA[disabled !!]]>
  </system-out>
  <testcase classname="testngflags.Flag5" name="verifyloginButtonEnableDisableStatus" time="0.000"/>
  <system-out>
    <![CDATA[disabled !!]]>
  </system-out>
  <testcase classname="testngflags.Flag5" name="verifyloginButtonEnableDisableStatus" time="0.000"/>
  <system-out>
    <![CDATA[disabled !!]]>
  </system-out>
  <testcase classname="testngflags.Flag5" name="verifyloginButtonEnableDisableStatus" time="0.000"/>
  <system-out>
    <![CDATA[disabled !!]]>
  </system-out>
  <testcase classname="testngflags.Flag5" name="verifyloginButtonEnableDisableStatus" time="0.000"/>
  <system-out>
    <![CDATA[disabled !!]]>
  </system-out>
  <testcase classname="testngflags.Flag5" name="verifyloginButtonEnableDisableStatus" time="0.000"/>
  <system-out>
    <![CDATA[disabled !!]]>
  </system-out>
  <testcase classname="testngflags.Flag5" name="verifyloginButtonEnableDisableStatus" time="0.000"/>
  <system-out>
    <![CDATA[disabled !!]]>
  </system-out>
  <testcase classname="testngflags.Flag5" name="verifyloginButtonEnableDisableStatus" time="0.047"/>
  <system-out>
    <![CDATA[disabled !!]]>
  </system-out>
  <testcase classname="testngflags.Flag5" name="verifyloginButtonEnableDisableStatus" time="0.000"/>
  <system-out>
    <![CDATA[disabled !!]]>
  </system-out>
  <testcase classname="testngflags.Flag5" name="verifyloginButtonEnableDisableStatus" time="0.016"/>
  <system-out>
    <![CDATA[disabled !!]]>
  </system-out>
  <testcase classname="testngflags.Flag5" name="verifyloginButtonEnableDisableStatus" time="0.016"/>
  <system-out>
    <![CDATA[disabled !!]]>
  </system-out>
  <testcase classname="testngflags.Flag5" name="verifyloginButtonEnableDisableStatus" time="0.000"/>
  <system-out>
    <![CDATA[disabled !!]]>
  </system-out>
  <testcase classname="testngflags.Flag5" name="verifyloginButtonEnableDisableStatus" time="0.000"/>
  <system-out>
    <![CDATA[disabled !!]]>
  </system-out>
  <testcase classname="testngflags.Flag5" name="verifyloginButtonEnableDisableStatus" time="0.000"/>
  <system-out>
    <![CDATA[disabled !!]]>
  </system-out>
  <testcase classname="testngflags.Flag5" name="verifyloginButtonEnableDisableStatus" time="0.000"/>
  <system-out>
    <![CDATA[disabled !!]]>
  </system-out>
  <testcase classname="testngflags.Flag5" name="verifyloginButtonEnableDisableStatus" time="0.000"/>
  <system-out>
    <![CDATA[disabled !!]]>
  </system-out>
  <testcase classname="testngflags.Flag5" name="verifyloginButtonEnableDisableStatus" time="0.000"/>
  <system-out>
    <![CDATA[disabled !!]]>
  </system-out>
  <testcase classname="testngflags.Flag5" name="verifyloginButtonEnableDisableStatus" time="0.000"/>
  <system-out>
    <![CDATA[disabled !!]]>
  </system-out>
  <testcase classname="testngflags.Flag5" name="verifyloginButtonEnableDisableStatus" time="0.000"/>
  <system-out>
    <![CDATA[disabled !!]]>
  </system-out>
  <testcase classname="testngflags.Flag5" name="verifyloginButtonEnableDisableStatus" time="0.000"/>
  <system-out>
    <![CDATA[disabled !!]]>
  </system-out>
  <testcase classname="testngflags.Flag5" name="verifyloginButtonEnableDisableStatus" time="0.000"/>
  <system-out>
    <![CDATA[disabled !!]]>
  </system-out>
  <testcase classname="testngflags.Flag5" name="verifyloginButtonEnableDisableStatus" time="0.000"/>
  <system-out>
    <![CDATA[disabled !!]]>
  </system-out>
  <testcase classname="testngflags.Flag5" name="verifyloginButtonEnableDisableStatus" time="0.015"/>
  <system-out>
    <![CDATA[disabled !!]]>
  </system-out>
  <testcase classname="testngflags.Flag5" name="verifyloginButtonEnableDisableStatus" time="0.000"/>
  <system-out>
    <![CDATA[disabled !!]]>
  </system-out>
  <testcase classname="testngflags.Flag5" name="verifyloginButtonEnableDisableStatus" time="0.000"/>
  <system-out>
    <![CDATA[disabled !!]]>
  </system-out>
  <testcase classname="testngflags.Flag5" name="verifyloginButtonEnableDisableStatus" time="0.000"/>
  <system-out>
    <![CDATA[disabled !!]]>
  </system-out>
  <testcase classname="testngflags.Flag5" name="verifyloginButtonEnableDisableStatus" time="0.000"/>
  <system-out>
    <![CDATA[disabled !!]]>
  </system-out>
  <testcase classname="testngflags.Flag5" name="verifyloginButtonEnableDisableStatus" time="0.000"/>
  <system-out>
    <![CDATA[disabled !!]]>
  </system-out>
  <testcase classname="testngflags.Flag5" name="verifyloginButtonEnableDisableStatus" time="0.000"/>
  <system-out>
    <![CDATA[disabled !!]]>
  </system-out>
  <testcase classname="testngflags.Flag5" name="verifyloginButtonEnableDisableStatus" time="0.000"/>
  <system-out>
    <![CDATA[disabled !!]]>
  </system-out>
  <testcase classname="testngflags.Flag5" name="verifyloginButtonEnableDisableStatus" time="0.000"/>
  <system-out>
    <![CDATA[disabled !!]]>
  </system-out>
  <testcase classname="testngflags.Flag5" name="verifyloginButtonEnableDisableStatus" time="0.000"/>
  <system-out>
    <![CDATA[disabled !!]]>
  </system-out>
  <testcase classname="testngflags.Flag5" name="verifyloginButtonEnableDisableStatus" time="0.000"/>
  <system-out>
    <![CDATA[disabled !!]]>
  </system-out>
  <testcase classname="testngflags.Flag5" name="verifyloginButtonEnableDisableStatus" time="0.000"/>
  <system-out>
    <![CDATA[disabled !!]]>
  </system-out>
  <testcase classname="testngflags.Flag5" name="verifyloginButtonEnableDisableStatus" time="0.000"/>
  <system-out>
    <![CDATA[disabled !!]]>
  </system-out>
  <testcase classname="testngflags.Flag5" name="verifyloginButtonEnableDisableStatus" time="0.000"/>
  <system-out>
    <![CDATA[disabled !!]]>
  </system-out>
  <testcase classname="testngflags.Flag5" name="verifyloginButtonEnableDisableStatus" time="0.000"/>
  <system-out>
    <![CDATA[disabled !!]]>
  </system-out>
  <testcase classname="testngflags.Flag5" name="verifyloginButtonEnableDisableStatus" time="0.000"/>
  <system-out>
    <![CDATA[disabled !!]]>
  </system-out>
  <testcase classname="testngflags.Flag5" name="verifyloginButtonEnableDisableStatus" time="0.000"/>
  <system-out>
    <![CDATA[disabled !!]]>
  </system-out>
  <testcase classname="testngflags.Flag5" name="verifyloginButtonEnableDisableStatus" time="0.000"/>
  <system-out>
    <![CDATA[disabled !!]]>
  </system-out>
  <testcase classname="testngflags.Flag5" name="verifyloginButtonEnableDisableStatus" time="0.000"/>
  <system-out>
    <![CDATA[disabled !!]]>
  </system-out>
  <testcase classname="testngflags.Flag5" name="verifyloginButtonEnableDisableStatus" time="0.000"/>
  <system-out>
    <![CDATA[disabled !!]]>
  </system-out>
  <testcase classname="testngflags.Flag5" name="verifyloginButtonEnableDisableStatus" time="0.000"/>
  <system-out>
    <![CDATA[disabled !!]]>
  </system-out>
  <testcase classname="testngflags.Flag5" name="verifyloginButtonEnableDisableStatus" time="0.000"/>
  <system-out>
    <![CDATA[disabled !!]]>
  </system-out>
  <testcase classname="testngflags.Flag5" name="verifyloginButtonEnableDisableStatus" time="0.000"/>
  <system-out>
    <![CDATA[disabled !!]]>
  </system-out>
  <testcase classname="testngflags.Flag5" name="verifyloginButtonEnableDisableStatus" time="0.000"/>
  <system-out>
    <![CDATA[disabled !!]]>
  </system-out>
  <testcase classname="testngflags.Flag5" name="verifyloginButtonEnableDisableStatus" time="0.000"/>
  <system-out>
    <![CDATA[disabled !!]]>
  </system-out>
  <testcase classname="testngflags.Flag5" name="verifyloginButtonEnableDisableStatus" time="0.000"/>
  <system-out>
    <![CDATA[disabled !!]]>
  </system-out>
  <testcase classname="testngflags.Flag5" name="verifyloginButtonEnableDisableStatus" time="0.000"/>
  <system-out>
    <![CDATA[disabled !!]]>
  </system-out>
  <testcase classname="testngflags.Flag5" name="verifyloginButtonEnableDisableStatus" time="0.000"/>
  <system-out>
    <![CDATA[disabled !!]]>
  </system-out>
  <testcase classname="testngflags.Flag5" name="verifyloginButtonEnableDisableStatus" time="0.000"/>
  <system-out>
    <![CDATA[disabled !!]]>
  </system-out>
  <testcase classname="testngflags.Flag5" name="verifyloginButtonEnableDisableStatus" time="0.000"/>
  <system-out>
    <![CDATA[disabled !!]]>
  </system-out>
  <testcase classname="testngflags.Flag5" name="verifyloginButtonEnableDisableStatus" time="0.000"/>
  <system-out>
    <![CDATA[disabled !!]]>
  </system-out>
  <testcase classname="testngflags.Flag5" name="verifyloginButtonEnableDisableStatus" time="0.000"/>
  <system-out>
    <![CDATA[disabled !!]]>
  </system-out>
  <testcase classname="testngflags.Flag5" name="verifyloginButtonEnableDisableStatus" time="0.000"/>
  <system-out>
    <![CDATA[disabled !!]]>
  </system-out>
  <testcase classname="testngflags.Flag5" name="verifyloginButtonEnableDisableStatus" time="0.015"/>
  <system-out>
    <![CDATA[disabled !!]]>
  </system-out>
  <testcase classname="testngflags.Flag5" name="verifyloginButtonEnableDisableStatus" time="0.000"/>
  <system-out>
    <![CDATA[disabled !!]]>
  </system-out>
  <testcase classname="testngflags.Flag5" name="verifyloginButtonEnableDisableStatus" time="0.000"/>
  <system-out>
    <![CDATA[disabled !!]]>
  </system-out>
  <testcase classname="testngflags.Flag5" name="verifyloginButtonEnableDisableStatus" time="0.000"/>
  <system-out>
    <![CDATA[disabled !!]]>
  </system-out>
  <testcase classname="testngflags.Flag5" name="verifyloginButtonEnableDisableStatus" time="0.000"/>
  <system-out>
    <![CDATA[disabled !!]]>
  </system-out>
</testsuite> <!-- testngflags.Flag5 -->
