<?xml version="1.0" encoding="UTF-8"?>
<testng-results ignored="0" total="2" passed="2" failed="0" skipped="0">
  <reporter-output>
    <line>
      <![CDATA[hi i am method 1 : my thread number is  : 1]]>
    </line>
    <line>
      <![CDATA[hi i am method 2 : my thread number is  : 1]]>
    </line>
  </reporter-output>
  <suite started-at="2022-11-17T00:08:13 IST" name="Suite" finished-at="2022-11-17T00:08:14 IST" duration-ms="134">
    <groups>
    </groups>
    <test started-at="2022-11-17T00:08:13 IST" name="Test" finished-at="2022-11-17T00:08:14 IST" duration-ms="134">
      <class name="testngParallelExecution.MethodsParallely">
        <test-method signature="method1()[pri:0, instance:testngParallelExecution.MethodsParallely@3738449f]" started-at="2022-11-17T00:08:14 IST" name="method1" finished-at="2022-11-17T00:08:14 IST" duration-ms="19" status="PASS">
          <reporter-output>
            <line>
              <![CDATA[hi i am method 1 : my thread number is  : 1]]>
            </line>
          </reporter-output>
        </test-method> <!-- method1 -->
        <test-method signature="method2()[pri:0, instance:testngParallelExecution.MethodsParallely@3738449f]" started-at="2022-11-17T00:08:14 IST" name="method2" finished-at="2022-11-17T00:08:14 IST" duration-ms="12" status="PASS">
          <reporter-output>
            <line>
              <![CDATA[hi i am method 2 : my thread number is  : 1]]>
            </line>
          </reporter-output>
        </test-method> <!-- method2 -->
      </class> <!-- testngParallelExecution.MethodsParallely -->
    </test> <!-- Test -->
  </suite> <!-- Suite -->
</testng-results>
